110113,顺义区,1,北京市顺义区
130121,井陉县,3,石家庄市井陉县
130184,新乐市,3,石家庄市新乐市
130421,邯郸县,6,邯郸市邯郸县
130427,磁县,6,邯郸市磁县
130581,南宫市,7,邢台市南宫市
130822,兴隆县,10,承德市兴隆县
140211,南郊区,15,大同市南郊区
140311,郊区,16,阳泉市郊区
140525,泽州县,18,晋城市泽州县
150207,九原区,26,包头市九原区
150223,达尔罕茂明安联合旗,26,包头市达尔罕茂明安联合旗
150723,鄂伦春自治旗,31,呼伦贝尔市鄂伦春自治旗
150926,察哈尔右翼前旗,33,乌兰察布市察哈尔右翼前旗
210781,凌海市,43,锦州市凌海市
210921,阜新蒙古族自治县,45,阜新市阜新蒙古族自治县
211103,兴隆台区,47,盘锦市兴隆台区
211122,盘山县,47,盘锦市盘山县
211221,铁岭县,48,铁岭市铁岭县
220182,榆树市,51,长春市榆树市
220183,德惠市,51,长春市德惠市
220283,舒兰市,52,吉林市舒兰市
220422,东辽县,54,辽源市东辽县
230406,东山区,63,鹤岗市东山区
230811,郊区,67,佳木斯市郊区
320114,雨花台区,74,南京市雨花台区
320118,高淳区,74,南京市高淳区
320302,鼓楼区,76,徐州市鼓楼区
320312,铜山区,76,徐州市铜山区
320922,滨海县,82,盐城市滨海县
320924,射阳县,82,盐城市射阳县
340506,博望区,102,马鞍山市博望区
340711,郊区,104,铜陵市郊区
341221,临泉县,108,阜阳市临泉县
341225,阜南县,108,阜阳市阜南县
341702,贵池区,113,池州市贵池区
341721,东至县,113,池州市东至县
350181,福清市,115,福州市福清市
350182,长乐市,115,福州市长乐市
350922,古田县,123,宁德市古田县
360922,万载县,132,宜春市万载县
371422,宁津县,148,德州市宁津县
371522,莘县,149,聊城市莘县
410423,鲁山县,155,平顶山市鲁山县
411023,许昌县,161,许昌市许昌县
411221,渑池县,163,三门峡市渑池县
411321,南召县,164,南阳市南召县
411502,浉河区,166,信阳市浉河区
420113,汉南区,169,武汉市汉南区
420117,新洲区,169,武汉市新洲区
420303,张湾区,171,十堰市张湾区
420304,郧阳区,171,十堰市郧阳区
420323,竹山县,171,十堰市竹山县
420325,房县,171,十堰市房县
420526,兴山县,172,宜昌市兴山县
420527,秭归县,172,宜昌市秭归县
420582,当阳市,172,宜昌市当阳市
420626,保康县,173,襄阳市保康县
420683,枣阳市,173,襄阳市枣阳市
420881,钟祥市,175,荆门市钟祥市
420923,云梦县,176,孝感市云梦县
420984,汉川市,176,孝感市汉川市
421002,沙市区,177,荆州市沙市区
421023,监利县,177,荆州市监利县
421081,石首市,177,荆州市石首市
421087,松滋市,177,荆州市松滋市
421181,麻城市,178,黄冈市麻城市
421221,嘉鱼县,179,咸宁市嘉鱼县
429004,仙桃市,182,仙桃市
429005,潜江市,182,潜江市
429006,天门市,182,天门市
430321,湘潭县,185,湘潭市湘潭县
431126,宁远县,193,永州市宁远县
440608,高明区,202,佛山市高明区
440883,吴川市,204,湛江市吴川市
440982,化州市,205,茂名市化州市
450123,隆安县,218,南宁市隆安县
451031,隆林各族自治县,227,百色市隆林各族自治县
451224,东兰县,229,河池市东兰县
500107,九龙坡区,235,重庆市九龙坡区
500115,长寿区,235,重庆市长寿区
500117,合川区,235,重庆市合川区
500151,铜梁区,235,重庆市铜梁区
500236,奉节县,345,奉节县
510131,蒲江县,236,成都市蒲江县
510182,彭州市,236,成都市彭州市
510302,自流井区,237,自贡市自流井区
510303,贡井区,237,自贡市贡井区
510304,大安区,237,自贡市大安区
510311,沿滩区,237,自贡市沿滩区
510321,荣县,237,自贡市荣县
510322,富顺县,237,自贡市富顺县
510421,米易县,238,攀枝花市米易县
510503,纳溪区,239,泸州市纳溪区
510521,泸县,239,泸州市泸县
510524,叙永县,239,泸州市叙永县
510623,中江县,240,德阳市中江县
510704,游仙区,241,绵阳市游仙区
510824,苍溪县,242,广元市苍溪县
510904,安居区,243,遂宁市安居区
510921,蓬溪县,243,遂宁市蓬溪县
510923,大英县,243,遂宁市大英县
511025,资中县,244,内江市资中县
511028,隆昌县,244,内江市隆昌县
511123,犍为县,245,乐山市犍为县
511129,沐川县,245,乐山市沐川县
511304,嘉陵区,246,南充市嘉陵区
511321,南部县,246,南充市南部县
511325,西充县,246,南充市西充县
511421,仁寿县,247,眉山市仁寿县
511423,洪雅县,247,眉山市洪雅县
511502,翠屏区,248,宜宾市翠屏区
511503,南溪区,248,宜宾市南溪区
511523,江安县,248,宜宾市江安县
511524,长宁县,248,宜宾市长宁县
511526,珙县,248,宜宾市珙县
511527,筠连县,248,宜宾市筠连县
511528,兴文县,248,宜宾市兴文县
511622,武胜县,249,广安市武胜县
511623,邻水县,249,广安市邻水县
511724,大竹县,250,达州市大竹县
511902,巴州区,252,巴中市巴州区
511921,通江县,252,巴中市通江县
511922,南江县,252,巴中市南江县
511923,平昌县,252,巴中市平昌县
512002,雁江区,253,资阳市雁江区
512021,安岳县,253,资阳市安岳县
512022,乐至县,253,资阳市乐至县
513432,喜德县,256,凉山彝族自治州喜德县
520115,观山湖区,257,贵阳市观山湖区
520221,水城县,258,六盘水市水城县
520402,西秀区,260,安顺市西秀区
522623,施秉县,264,黔东南苗族侗族自治州施秉县
522627,天柱县,264,黔东南苗族侗族自治州天柱县
530124,富民县,266,昆明市富民县
530181,安宁市,266,昆明市安宁市
530326,会泽县,267,曲靖市会泽县
530722,永胜县,271,丽江市永胜县
532524,建水县,275,红河哈尼族彝族自治州建水县
542525,革吉县,287,阿里地区革吉县
610630,宜川县,294,延安市宜川县
610726,宁强县,295,汉中市宁强县
610802,榆阳区,296,榆林市榆阳区
611023,商南县,298,商洛市商南县
611026,柞水县,298,商洛市柞水县
620111,红古区,299,兰州市红古区
620802,崆峒区,306,平凉市崆峒区
620825,庄浪县,306,平凉市庄浪县
620826,静宁县,306,平凉市静宁县
620981,玉门市,307,酒泉市玉门市
621027,镇原县,308,庆阳市镇原县
621123,渭源县,309,定西市渭源县
623021,临潭县,312,甘南藏族自治州临潭县
623022,卓尼县,312,甘南藏族自治州卓尼县
632323,泽库县,316,黄南藏族自治州泽库县
640423,隆德县,324,固原市隆德县
652701,博乐市,331,博尔塔拉蒙古自治州博乐市
652801,库尔勒市,332,巴音郭楞蒙古自治州库尔勒市
653130,巴楚县,335,喀什地区巴楚县
520523,金沙县,347,毕节市金沙县
520623,石阡县,346,铜仁市石阡县
211104,大洼区,47,盘锦市大洼区
340705,铜官区,104,铜陵市铜官区
340706,义安区,104,铜陵市义安区
441204,高要区,206,肇庆市高要区
500152,潼南区,235,重庆市潼南区
510180,简阳市,236,资阳市简阳市
659008,可克达拉市,340,可克达拉市
