110101,东城区,1,北京市东城区
110102,西城区,1,北京市西城区
110105,朝阳区,1,北京市朝阳区
110106,丰台区,1,北京市丰台区
110107,石景山区,1,北京市石景山区
110108,海淀区,1,北京市海淀区
110109,门头沟区,1,北京市门头沟区
110111,房山区,1,北京市房山区
110112,通州区,1,北京市通州区
110113,顺义区,1,北京市顺义区
110114,昌平区,1,北京市昌平区
110115,大兴区,1,北京市大兴区
110116,怀柔区,1,北京市怀柔区
110117,平谷区,1,北京市平谷区
120101,和平区,2,天津市和平区
120102,河东区,2,天津市河东区
120103,河西区,2,天津市河西区
120104,南开区,2,天津市南开区
120105,河北区,2,天津市河北区
120106,红桥区,2,天津市红桥区
120110,东丽区,2,天津市东丽区
120111,西青区,2,天津市西青区
120112,津南区,2,天津市津南区
120113,北辰区,2,天津市北辰区
120114,武清区,2,天津市武清区
120115,宝坻区,2,天津市宝坻区
120116,滨海新区,2,天津市滨海新区
120225,蓟县,342,天津市蓟县
130102,长安区,3,石家庄市长安区
130104,桥西区,3,石家庄市桥西区
130105,新华区,3,石家庄市新华区
130107,井陉矿区,3,石家庄市井陉矿区
130108,裕华区,3,石家庄市裕华区
130109,藁城区,3,石家庄市藁城区
130110,鹿泉区,3,石家庄市鹿泉区
130111,栾城区,3,石家庄市栾城区
130121,井陉县,3,石家庄市井陉县
130123,正定县,3,石家庄市正定县
130125,行唐县,3,石家庄市行唐县
130126,灵寿县,3,石家庄市灵寿县
130127,高邑县,3,石家庄市高邑县
130128,深泽县,3,石家庄市深泽县
130129,赞皇县,3,石家庄市赞皇县
130130,无极县,3,石家庄市无极县
130131,平山县,3,石家庄市平山县
130132,元氏县,3,石家庄市元氏县
130133,赵县,3,石家庄市赵县
130181,辛集市,3,石家庄市辛集市
130183,晋州市,3,石家庄市晋州市
130184,新乐市,3,石家庄市新乐市
130202,路南区,4,唐山市路南区
130203,路北区,4,唐山市路北区
130204,古冶区,4,唐山市古冶区
130205,开平区,4,唐山市开平区
130207,丰南区,4,唐山市丰南区
130208,丰润区,4,唐山市丰润区
130209,曹妃甸区,4,唐山市曹妃甸区
130223,滦县,4,唐山市滦县
130224,滦南县,4,唐山市滦南县
130225,乐亭县,4,唐山市乐亭县
130227,迁西县,4,唐山市迁西县
130229,玉田县,4,唐山市玉田县
130281,遵化市,4,唐山市遵化市
130283,迁安市,4,唐山市迁安市
130302,海港区,5,秦皇岛市海港区
130303,山海关区,5,秦皇岛市山海关区
130304,北戴河区,5,秦皇岛市北戴河区
130321,青龙满族自治县,5,秦皇岛市青龙满族自治县
130322,昌黎县,5,秦皇岛市昌黎县
130324,卢龙县,5,秦皇岛市卢龙县
130402,邯山区,6,邯郸市邯山区
130403,丛台区,6,邯郸市丛台区
130404,复兴区,6,邯郸市复兴区
130406,峰峰矿区,6,邯郸市峰峰矿区
130421,邯郸县,6,邯郸市邯郸县
130423,临漳县,6,邯郸市临漳县
130424,成安县,6,邯郸市成安县
130425,大名县,6,邯郸市大名县
130426,涉县,6,邯郸市涉县
130427,磁县,6,邯郸市磁县
130428,肥乡县,6,邯郸市肥乡县
130429,永年县,6,邯郸市永年县
130430,邱县,6,邯郸市邱县
130431,鸡泽县,6,邯郸市鸡泽县
130432,广平县,6,邯郸市广平县
130433,馆陶县,6,邯郸市馆陶县
130434,魏县,6,邯郸市魏县
130435,曲周县,6,邯郸市曲周县
130481,武安市,6,邯郸市武安市
130502,桥东区,7,邢台市桥东区
130503,桥西区,7,邢台市桥西区
130521,邢台县,7,邢台市邢台县
130522,临城县,7,邢台市临城县
130523,内丘县,7,邢台市内丘县
130524,柏乡县,7,邢台市柏乡县
130525,隆尧县,7,邢台市隆尧县
130526,任县,7,邢台市任县
130527,南和县,7,邢台市南和县
130528,宁晋县,7,邢台市宁晋县
130529,巨鹿县,7,邢台市巨鹿县
130530,新河县,7,邢台市新河县
130531,广宗县,7,邢台市广宗县
130532,平乡县,7,邢台市平乡县
130533,威县,7,邢台市威县
130534,清河县,7,邢台市清河县
130535,临西县,7,邢台市临西县
130581,南宫市,7,邢台市南宫市
130582,沙河市,7,邢台市沙河市
130602,新市区,8,保定市新市区
130623,涞水县,8,保定市涞水县
130624,阜平县,8,保定市阜平县
130626,定兴县,8,保定市定兴县
130627,唐县,8,保定市唐县
130628,高阳县,8,保定市高阳县
130629,容城县,8,保定市容城县
130630,涞源县,8,保定市涞源县
130631,望都县,8,保定市望都县
130632,安新县,8,保定市安新县
130633,易县,8,保定市易县
130634,曲阳县,8,保定市曲阳县
130635,蠡县,8,保定市蠡县
130636,顺平县,8,保定市顺平县
130637,博野县,8,保定市博野县
130638,雄县,8,保定市雄县
130681,涿州市,8,保定市涿州市
130682,定州市,8,保定市定州市
130683,安国市,8,保定市安国市
130684,高碑店市,8,保定市高碑店市
130702,桥东区,9,张家口市桥东区
130703,桥西区,9,张家口市桥西区
130705,宣化区,9,张家口市宣化区
130706,下花园区,9,张家口市下花园区
130722,张北县,9,张家口市张北县
130723,康保县,9,张家口市康保县
130724,沽源县,9,张家口市沽源县
130725,尚义县,9,张家口市尚义县
130726,蔚县,9,张家口市蔚县
130727,阳原县,9,张家口市阳原县
130728,怀安县,9,张家口市怀安县
130730,怀来县,9,张家口市怀来县
130731,涿鹿县,9,张家口市涿鹿县
130732,赤城县,9,张家口市赤城县
130802,双桥区,10,承德市双桥区
130803,双滦区,10,承德市双滦区
130804,鹰手营子矿区,10,承德市鹰手营子矿区
130821,承德县,10,承德市承德县
130822,兴隆县,10,承德市兴隆县
130823,平泉县,10,承德市平泉县
130824,滦平县,10,承德市滦平县
130825,隆化县,10,承德市隆化县
130826,丰宁满族自治县,10,承德市丰宁满族自治县
130827,宽城满族自治县,10,承德市宽城满族自治县
130828,围场满族蒙古族自治县,10,承德市围场满族蒙古族自治县
130902,新华区,11,沧州市新华区
130903,运河区,11,沧州市运河区
130921,沧县,11,沧州市沧县
130922,青县,11,沧州市青县
130923,东光县,11,沧州市东光县
130924,海兴县,11,沧州市海兴县
130925,盐山县,11,沧州市盐山县
130926,肃宁县,11,沧州市肃宁县
130927,南皮县,11,沧州市南皮县
130928,吴桥县,11,沧州市吴桥县
130929,献县,11,沧州市献县
130930,孟村回族自治县,11,沧州市孟村回族自治县
130981,泊头市,11,沧州市泊头市
130982,任丘市,11,沧州市任丘市
130983,黄骅市,11,沧州市黄骅市
130984,河间市,11,沧州市河间市
131002,安次区,12,廊坊市安次区
131003,广阳区,12,廊坊市广阳区
131022,固安县,12,廊坊市固安县
131023,永清县,12,廊坊市永清县
131024,香河县,12,廊坊市香河县
131025,大城县,12,廊坊市大城县
131026,文安县,12,廊坊市文安县
131028,大厂回族自治县,12,廊坊市大厂回族自治县
131081,霸州市,12,廊坊市霸州市
131082,三河市,12,廊坊市三河市
131102,桃城区,13,衡水市桃城区
131121,枣强县,13,衡水市枣强县
131122,武邑县,13,衡水市武邑县
131123,武强县,13,衡水市武强县
131124,饶阳县,13,衡水市饶阳县
131125,安平县,13,衡水市安平县
131126,故城县,13,衡水市故城县
131127,景县,13,衡水市景县
131128,阜城县,13,衡水市阜城县
131182,深州市,13,衡水市深州市
140105,小店区,14,太原市小店区
140106,迎泽区,14,太原市迎泽区
140107,杏花岭区,14,太原市杏花岭区
140108,尖草坪区,14,太原市尖草坪区
140109,万柏林区,14,太原市万柏林区
140110,晋源区,14,太原市晋源区
140121,清徐县,14,太原市清徐县
140122,阳曲县,14,太原市阳曲县
140123,娄烦县,14,太原市娄烦县
140181,古交市,14,太原市古交市
140202,城区,15,大同市城区
140203,矿区,15,大同市矿区
140211,南郊区,15,大同市南郊区
140212,新荣区,15,大同市新荣区
140221,阳高县,15,大同市阳高县
140222,天镇县,15,大同市天镇县
140223,广灵县,15,大同市广灵县
140224,灵丘县,15,大同市灵丘县
140225,浑源县,15,大同市浑源县
140226,左云县,15,大同市左云县
140227,大同县,15,大同市大同县
140302,城区,16,阳泉市城区
140303,矿区,16,阳泉市矿区
140311,郊区,16,阳泉市郊区
140321,平定县,16,阳泉市平定县
140322,盂县,16,阳泉市盂县
140402,城区,17,长治市城区
140411,郊区,17,长治市郊区
140421,长治县,17,长治市长治县
140423,襄垣县,17,长治市襄垣县
140424,屯留县,17,长治市屯留县
140425,平顺县,17,长治市平顺县
140426,黎城县,17,长治市黎城县
140427,壶关县,17,长治市壶关县
140428,长子县,17,长治市长子县
140429,武乡县,17,长治市武乡县
140430,沁县,17,长治市沁县
140431,沁源县,17,长治市沁源县
140481,潞城市,17,长治市潞城市
140502,城区,18,晋城市城区
140521,沁水县,18,晋城市沁水县
140522,阳城县,18,晋城市阳城县
140524,陵川县,18,晋城市陵川县
140525,泽州县,18,晋城市泽州县
140581,高平市,18,晋城市高平市
140602,朔城区,19,朔州市朔城区
140603,平鲁区,19,朔州市平鲁区
140621,山阴县,19,朔州市山阴县
140622,应县,19,朔州市应县
140623,右玉县,19,朔州市右玉县
140624,怀仁县,19,朔州市怀仁县
140702,榆次区,20,晋中市榆次区
140721,榆社县,20,晋中市榆社县
140722,左权县,20,晋中市左权县
140723,和顺县,20,晋中市和顺县
140724,昔阳县,20,晋中市昔阳县
140725,寿阳县,20,晋中市寿阳县
140726,太谷县,20,晋中市太谷县
140727,祁县,20,晋中市祁县
140728,平遥县,20,晋中市平遥县
140729,灵石县,20,晋中市灵石县
140781,介休市,20,晋中市介休市
140802,盐湖区,21,运城市盐湖区
140821,临猗县,21,运城市临猗县
140822,万荣县,21,运城市万荣县
140823,闻喜县,21,运城市闻喜县
140824,稷山县,21,运城市稷山县
140825,新绛县,21,运城市新绛县
140826,绛县,21,运城市绛县
140827,垣曲县,21,运城市垣曲县
140828,夏县,21,运城市夏县
140829,平陆县,21,运城市平陆县
140830,芮城县,21,运城市芮城县
140881,永济市,21,运城市永济市
140882,河津市,21,运城市河津市
140902,忻府区,22,忻州市忻府区
140921,定襄县,22,忻州市定襄县
140922,五台县,22,忻州市五台县
140923,代县,22,忻州市代县
140924,繁峙县,22,忻州市繁峙县
140925,宁武县,22,忻州市宁武县
140926,静乐县,22,忻州市静乐县
140927,神池县,22,忻州市神池县
140928,五寨县,22,忻州市五寨县
140929,岢岚县,22,忻州市岢岚县
140930,河曲县,22,忻州市河曲县
140931,保德县,22,忻州市保德县
140932,偏关县,22,忻州市偏关县
140981,原平市,22,忻州市原平市
141002,尧都区,23,临汾市尧都区
141021,曲沃县,23,临汾市曲沃县
141022,翼城县,23,临汾市翼城县
141023,襄汾县,23,临汾市襄汾县
141024,洪洞县,23,临汾市洪洞县
141025,古县,23,临汾市古县
141026,安泽县,23,临汾市安泽县
141027,浮山县,23,临汾市浮山县
141028,吉县,23,临汾市吉县
141029,乡宁县,23,临汾市乡宁县
141030,大宁县,23,临汾市大宁县
141031,隰县,23,临汾市隰县
141032,永和县,23,临汾市永和县
141033,蒲县,23,临汾市蒲县
141034,汾西县,23,临汾市汾西县
141081,侯马市,23,临汾市侯马市
141082,霍州市,23,临汾市霍州市
141102,离石区,24,吕梁市离石区
141121,文水县,24,吕梁市文水县
141122,交城县,24,吕梁市交城县
141123,兴县,24,吕梁市兴县
141124,临县,24,吕梁市临县
141125,柳林县,24,吕梁市柳林县
141126,石楼县,24,吕梁市石楼县
141127,岚县,24,吕梁市岚县
141128,方山县,24,吕梁市方山县
141129,中阳县,24,吕梁市中阳县
141130,交口县,24,吕梁市交口县
141181,孝义市,24,吕梁市孝义市
141182,汾阳市,24,吕梁市汾阳市
150102,新城区,25,呼和浩特市新城区
150103,回民区,25,呼和浩特市回民区
150104,玉泉区,25,呼和浩特市玉泉区
150105,赛罕区,25,呼和浩特市赛罕区
150121,土默特左旗,25,呼和浩特市土默特左旗
150122,托克托县,25,呼和浩特市托克托县
150123,和林格尔县,25,呼和浩特市和林格尔县
150124,清水河县,25,呼和浩特市清水河县
150125,武川县,25,呼和浩特市武川县
150202,东河区,26,包头市东河区
150203,昆都仑区,26,包头市昆都仑区
150204,青山区,26,包头市青山区
150205,石拐区,26,包头市石拐区
150206,白云鄂博矿区,26,包头市白云鄂博矿区
150207,九原区,26,包头市九原区
150221,土默特右旗,26,包头市土默特右旗
150222,固阳县,26,包头市固阳县
150223,达尔罕茂明安联合旗,26,包头市达尔罕茂明安联合旗
150302,海勃湾区,27,乌海市海勃湾区
150303,海南区,27,乌海市海南区
150304,乌达区,27,乌海市乌达区
150402,红山区,28,赤峰市红山区
150403,元宝山区,28,赤峰市元宝山区
150404,松山区,28,赤峰市松山区
150421,阿鲁科尔沁旗,28,赤峰市阿鲁科尔沁旗
150422,巴林左旗,28,赤峰市巴林左旗
150423,巴林右旗,28,赤峰市巴林右旗
150424,林西县,28,赤峰市林西县
150425,克什克腾旗,28,赤峰市克什克腾旗
150426,翁牛特旗,28,赤峰市翁牛特旗
150428,喀喇沁旗,28,赤峰市喀喇沁旗
150429,宁城县,28,赤峰市宁城县
150430,敖汉旗,28,赤峰市敖汉旗
150502,科尔沁区,29,通辽市科尔沁区
150521,科尔沁左翼中旗,29,通辽市科尔沁左翼中旗
150522,科尔沁左翼后旗,29,通辽市科尔沁左翼后旗
150523,开鲁县,29,通辽市开鲁县
150524,库伦旗,29,通辽市库伦旗
150525,奈曼旗,29,通辽市奈曼旗
150526,扎鲁特旗,29,通辽市扎鲁特旗
150581,霍林郭勒市,29,通辽市霍林郭勒市
150602,东胜区,30,鄂尔多斯市东胜区
150621,达拉特旗,30,鄂尔多斯市达拉特旗
150622,准格尔旗,30,鄂尔多斯市准格尔旗
150623,鄂托克前旗,30,鄂尔多斯市鄂托克前旗
150624,鄂托克旗,30,鄂尔多斯市鄂托克旗
150625,杭锦旗,30,鄂尔多斯市杭锦旗
150626,乌审旗,30,鄂尔多斯市乌审旗
150627,伊金霍洛旗,30,鄂尔多斯市伊金霍洛旗
150702,海拉尔区,31,呼伦贝尔市海拉尔区
150703,扎赉诺尔区,31,呼伦贝尔市扎赉诺尔区
150721,阿荣旗,31,呼伦贝尔市阿荣旗
150722,莫力达瓦达斡尔族自治旗,31,呼伦贝尔市莫力达瓦达斡尔族自治旗
150723,鄂伦春自治旗,31,呼伦贝尔市鄂伦春自治旗
150724,鄂温克族自治旗,31,呼伦贝尔市鄂温克族自治旗
150725,陈巴尔虎旗,31,呼伦贝尔市陈巴尔虎旗
150726,新巴尔虎左旗,31,呼伦贝尔市新巴尔虎左旗
150727,新巴尔虎右旗,31,呼伦贝尔市新巴尔虎右旗
150781,满洲里市,31,呼伦贝尔市满洲里市
150782,牙克石市,31,呼伦贝尔市牙克石市
150783,扎兰屯市,31,呼伦贝尔市扎兰屯市
150784,额尔古纳市,31,呼伦贝尔市额尔古纳市
150785,根河市,31,呼伦贝尔市根河市
150802,临河区,32,巴彦淖尔市临河区
150821,五原县,32,巴彦淖尔市五原县
150822,磴口县,32,巴彦淖尔市磴口县
150823,乌拉特前旗,32,巴彦淖尔市乌拉特前旗
150824,乌拉特中旗,32,巴彦淖尔市乌拉特中旗
150825,乌拉特后旗,32,巴彦淖尔市乌拉特后旗
150826,杭锦后旗,32,巴彦淖尔市杭锦后旗
150902,集宁区,33,乌兰察布市集宁区
150921,卓资县,33,乌兰察布市卓资县
150922,化德县,33,乌兰察布市化德县
150923,商都县,33,乌兰察布市商都县
150924,兴和县,33,乌兰察布市兴和县
150925,凉城县,33,乌兰察布市凉城县
150926,察哈尔右翼前旗,33,乌兰察布市察哈尔右翼前旗
150927,察哈尔右翼中旗,33,乌兰察布市察哈尔右翼中旗
150928,察哈尔右翼后旗,33,乌兰察布市察哈尔右翼后旗
150929,四子王旗,33,乌兰察布市四子王旗
150981,丰镇市,33,乌兰察布市丰镇市
152201,乌兰浩特市,34,兴安盟乌兰浩特市
152202,阿尔山市,34,兴安盟阿尔山市
152221,科尔沁右翼前旗,34,兴安盟科尔沁右翼前旗
152222,科尔沁右翼中旗,34,兴安盟科尔沁右翼中旗
152223,扎赉特旗,34,兴安盟扎赉特旗
152224,突泉县,34,兴安盟突泉县
152501,二连浩特市,35,锡林郭勒盟二连浩特市
152502,锡林浩特市,35,锡林郭勒盟锡林浩特市
152522,阿巴嘎旗,35,锡林郭勒盟阿巴嘎旗
152523,苏尼特左旗,35,锡林郭勒盟苏尼特左旗
152524,苏尼特右旗,35,锡林郭勒盟苏尼特右旗
152525,东乌珠穆沁旗,35,锡林郭勒盟东乌珠穆沁旗
152526,西乌珠穆沁旗,35,锡林郭勒盟西乌珠穆沁旗
152527,太仆寺旗,35,锡林郭勒盟太仆寺旗
152528,镶黄旗,35,锡林郭勒盟镶黄旗
152529,正镶白旗,35,锡林郭勒盟正镶白旗
152530,正蓝旗,35,锡林郭勒盟正蓝旗
152531,多伦县,35,锡林郭勒盟多伦县
152921,阿拉善左旗,36,阿拉善盟阿拉善左旗
152922,阿拉善右旗,36,阿拉善盟阿拉善右旗
152923,额济纳旗,36,阿拉善盟额济纳旗
210102,和平区,37,沈阳市和平区
210103,沈河区,37,沈阳市沈河区
210104,大东区,37,沈阳市大东区
210105,皇姑区,37,沈阳市皇姑区
210106,铁西区,37,沈阳市铁西区
210111,苏家屯区,37,沈阳市苏家屯区
210112,浑南区,37,沈阳市浑南区
210113,沈北新区,37,沈阳市沈北新区
210114,于洪区,37,沈阳市于洪区
210123,康平县,37,沈阳市康平县
210124,法库县,37,沈阳市法库县
210181,新民市,37,沈阳市新民市
210202,中山区,38,大连市中山区
210203,西岗区,38,大连市西岗区
210204,沙河口区,38,大连市沙河口区
210211,甘井子区,38,大连市甘井子区
210212,旅顺口区,38,大连市旅顺口区
210213,金州区,38,大连市金州区
210224,长海县,38,大连市长海县
210281,瓦房店市,38,大连市瓦房店市
210283,庄河市,38,大连市庄河市
210302,铁东区,39,鞍山市铁东区
210303,铁西区,39,鞍山市铁西区
210304,立山区,39,鞍山市立山区
210311,千山区,39,鞍山市千山区
210321,台安县,39,鞍山市台安县
210323,岫岩满族自治县,39,鞍山市岫岩满族自治县
210381,海城市,39,鞍山市海城市
210402,新抚区,40,抚顺市新抚区
210403,东洲区,40,抚顺市东洲区
210404,望花区,40,抚顺市望花区
210411,顺城区,40,抚顺市顺城区
210421,抚顺县,40,抚顺市抚顺县
210422,新宾满族自治县,40,抚顺市新宾满族自治县
210423,清原满族自治县,40,抚顺市清原满族自治县
210502,平山区,41,本溪市平山区
210503,溪湖区,41,本溪市溪湖区
210504,明山区,41,本溪市明山区
210505,南芬区,41,本溪市南芬区
210521,本溪满族自治县,41,本溪市本溪满族自治县
210522,桓仁满族自治县,41,本溪市桓仁满族自治县
210602,元宝区,42,丹东市元宝区
210603,振兴区,42,丹东市振兴区
210604,振安区,42,丹东市振安区
210624,宽甸满族自治县,42,丹东市宽甸满族自治县
210681,东港市,42,丹东市东港市
210682,凤城市,42,丹东市凤城市
210702,古塔区,43,锦州市古塔区
210703,凌河区,43,锦州市凌河区
210711,太和区,43,锦州市太和区
210726,黑山县,43,锦州市黑山县
210727,义县,43,锦州市义县
210781,凌海市,43,锦州市凌海市
210782,北镇市,43,锦州市北镇市
210802,站前区,44,营口市站前区
210803,西市区,44,营口市西市区
210804,鲅鱼圈区,44,营口市鲅鱼圈区
210811,老边区,44,营口市老边区
210881,盖州市,44,营口市盖州市
210882,大石桥市,44,营口市大石桥市
210902,海州区,45,阜新市海州区
210903,新邱区,45,阜新市新邱区
210904,太平区,45,阜新市太平区
210905,清河门区,45,阜新市清河门区
210911,细河区,45,阜新市细河区
210921,阜新蒙古族自治县,45,阜新市阜新蒙古族自治县
210922,彰武县,45,阜新市彰武县
211002,白塔区,46,辽阳市白塔区
211003,文圣区,46,辽阳市文圣区
211004,宏伟区,46,辽阳市宏伟区
211005,弓长岭区,46,辽阳市弓长岭区
211011,太子河区,46,辽阳市太子河区
211021,辽阳县,46,辽阳市辽阳县
211081,灯塔市,46,辽阳市灯塔市
211102,双台子区,47,盘锦市双台子区
211103,兴隆台区,47,盘锦市兴隆台区
211122,盘山县,47,盘锦市盘山县
211202,银州区,48,铁岭市银州区
211204,清河区,48,铁岭市清河区
211221,铁岭县,48,铁岭市铁岭县
211223,西丰县,48,铁岭市西丰县
211224,昌图县,48,铁岭市昌图县
211281,调兵山市,48,铁岭市调兵山市
211282,开原市,48,铁岭市开原市
211302,双塔区,49,朝阳市双塔区
211303,龙城区,49,朝阳市龙城区
211321,朝阳县,49,朝阳市朝阳县
211322,建平县,49,朝阳市建平县
211324,喀喇沁左翼蒙古族自治县,49,朝阳市喀喇沁左翼蒙古族自治县
211381,北票市,49,朝阳市北票市
211382,凌源市,49,朝阳市凌源市
211402,连山区,50,葫芦岛市连山区
211403,龙港区,50,葫芦岛市龙港区
211404,南票区,50,葫芦岛市南票区
211421,绥中县,50,葫芦岛市绥中县
211422,建昌县,50,葫芦岛市建昌县
211481,兴城市,50,葫芦岛市兴城市
220102,南关区,51,长春市南关区
220103,宽城区,51,长春市宽城区
220104,朝阳区,51,长春市朝阳区
220105,二道区,51,长春市二道区
220106,绿园区,51,长春市绿园区
220112,双阳区,51,长春市双阳区
220113,九台区,51,长春市九台区
220122,农安县,51,长春市农安县
220182,榆树市,51,长春市榆树市
220183,德惠市,51,长春市德惠市
220202,昌邑区,52,吉林市昌邑区
220203,龙潭区,52,吉林市龙潭区
220204,船营区,52,吉林市船营区
220211,丰满区,52,吉林市丰满区
220221,永吉县,52,吉林市永吉县
220281,蛟河市,52,吉林市蛟河市
220282,桦甸市,52,吉林市桦甸市
220283,舒兰市,52,吉林市舒兰市
220284,磐石市,52,吉林市磐石市
220302,铁西区,53,四平市铁西区
220303,铁东区,53,四平市铁东区
220322,梨树县,53,四平市梨树县
220323,伊通满族自治县,53,四平市伊通满族自治县
220381,公主岭市,53,四平市公主岭市
220382,双辽市,53,四平市双辽市
220402,龙山区,54,辽源市龙山区
220403,西安区,54,辽源市西安区
220421,东丰县,54,辽源市东丰县
220422,东辽县,54,辽源市东辽县
220502,东昌区,55,通化市东昌区
220503,二道江区,55,通化市二道江区
220521,通化县,55,通化市通化县
220523,辉南县,55,通化市辉南县
220524,柳河县,55,通化市柳河县
220581,梅河口市,55,通化市梅河口市
220582,集安市,55,通化市集安市
220602,浑江区,56,白山市浑江区
220605,江源区,56,白山市江源区
220621,抚松县,56,白山市抚松县
220622,靖宇县,56,白山市靖宇县
220623,长白朝鲜族自治县,56,白山市长白朝鲜族自治县
220681,临江市,56,白山市临江市
220702,宁江区,57,松原市宁江区
220721,前郭尔罗斯蒙古族自治县,57,松原市前郭尔罗斯蒙古族自治县
220722,长岭县,57,松原市长岭县
220723,乾安县,57,松原市乾安县
220781,扶余市,57,松原市扶余市
220802,洮北区,58,白城市洮北区
220821,镇赉县,58,白城市镇赉县
220822,通榆县,58,白城市通榆县
220881,洮南市,58,白城市洮南市
220882,大安市,58,白城市大安市
222401,延吉市,59,延边朝鲜族自治州延吉市
222402,图们市,59,延边朝鲜族自治州图们市
222403,敦化市,59,延边朝鲜族自治州敦化市
222404,珲春市,59,延边朝鲜族自治州珲春市
222405,龙井市,59,延边朝鲜族自治州龙井市
222406,和龙市,59,延边朝鲜族自治州和龙市
222424,汪清县,59,延边朝鲜族自治州汪清县
222426,安图县,59,延边朝鲜族自治州安图县
230102,道里区,60,哈尔滨市道里区
230103,南岗区,60,哈尔滨市南岗区
230104,道外区,60,哈尔滨市道外区
230108,平房区,60,哈尔滨市平房区
230109,松北区,60,哈尔滨市松北区
230110,香坊区,60,哈尔滨市香坊区
230111,呼兰区,60,哈尔滨市呼兰区
230112,阿城区,60,哈尔滨市阿城区
230123,依兰县,60,哈尔滨市依兰县
230124,方正县,60,哈尔滨市方正县
230125,宾县,60,哈尔滨市宾县
230126,巴彦县,60,哈尔滨市巴彦县
230127,木兰县,60,哈尔滨市木兰县
230128,通河县,60,哈尔滨市通河县
230129,延寿县,60,哈尔滨市延寿县
230183,尚志市,60,哈尔滨市尚志市
230184,五常市,60,哈尔滨市五常市
230202,龙沙区,61,齐齐哈尔市龙沙区
230203,建华区,61,齐齐哈尔市建华区
230204,铁锋区,61,齐齐哈尔市铁锋区
230205,昂昂溪区,61,齐齐哈尔市昂昂溪区
230206,富拉尔基区,61,齐齐哈尔市富拉尔基区
230207,碾子山区,61,齐齐哈尔市碾子山区
230208,梅里斯达斡尔族区,61,齐齐哈尔市梅里斯达斡尔族区
230221,龙江县,61,齐齐哈尔市龙江县
230223,依安县,61,齐齐哈尔市依安县
230224,泰来县,61,齐齐哈尔市泰来县
230225,甘南县,61,齐齐哈尔市甘南县
230227,富裕县,61,齐齐哈尔市富裕县
230229,克山县,61,齐齐哈尔市克山县
230230,克东县,61,齐齐哈尔市克东县
230231,拜泉县,61,齐齐哈尔市拜泉县
230281,讷河市,61,齐齐哈尔市讷河市
230302,鸡冠区,62,鸡西市鸡冠区
230303,恒山区,62,鸡西市恒山区
230304,滴道区,62,鸡西市滴道区
230305,梨树区,62,鸡西市梨树区
230306,城子河区,62,鸡西市城子河区
230307,麻山区,62,鸡西市麻山区
230321,鸡东县,62,鸡西市鸡东县
230381,虎林市,62,鸡西市虎林市
230382,密山市,62,鸡西市密山市
230402,向阳区,63,鹤岗市向阳区
230403,工农区,63,鹤岗市工农区
230404,南山区,63,鹤岗市南山区
230405,兴安区,63,鹤岗市兴安区
230406,东山区,63,鹤岗市东山区
230407,兴山区,63,鹤岗市兴山区
230421,萝北县,63,鹤岗市萝北县
230422,绥滨县,63,鹤岗市绥滨县
230502,尖山区,64,双鸭山市尖山区
230503,岭东区,64,双鸭山市岭东区
230505,四方台区,64,双鸭山市四方台区
230506,宝山区,64,双鸭山市宝山区
230521,集贤县,64,双鸭山市集贤县
230522,友谊县,64,双鸭山市友谊县
230523,宝清县,64,双鸭山市宝清县
230524,饶河县,64,双鸭山市饶河县
230602,萨尔图区,65,大庆市萨尔图区
230603,龙凤区,65,大庆市龙凤区
230604,让胡路区,65,大庆市让胡路区
230605,红岗区,65,大庆市红岗区
230606,大同区,65,大庆市大同区
230621,肇州县,65,大庆市肇州县
230622,肇源县,65,大庆市肇源县
230623,林甸县,65,大庆市林甸县
230624,杜尔伯特蒙古族自治县,65,大庆市杜尔伯特蒙古族自治县
230702,伊春区,66,伊春市伊春区
230703,南岔区,66,伊春市南岔区
230704,友好区,66,伊春市友好区
230705,西林区,66,伊春市西林区
230706,翠峦区,66,伊春市翠峦区
230707,新青区,66,伊春市新青区
230708,美溪区,66,伊春市美溪区
230709,金山屯区,66,伊春市金山屯区
230710,五营区,66,伊春市五营区
230711,乌马河区,66,伊春市乌马河区
230712,汤旺河区,66,伊春市汤旺河区
230713,带岭区,66,伊春市带岭区
230714,乌伊岭区,66,伊春市乌伊岭区
230715,红星区,66,伊春市红星区
230716,上甘岭区,66,伊春市上甘岭区
230722,嘉荫县,66,伊春市嘉荫县
230781,铁力市,66,伊春市铁力市
230803,向阳区,67,佳木斯市向阳区
230804,前进区,67,佳木斯市前进区
230805,东风区,67,佳木斯市东风区
230811,郊区,67,佳木斯市郊区
230822,桦南县,67,佳木斯市桦南县
230826,桦川县,67,佳木斯市桦川县
230828,汤原县,67,佳木斯市汤原县
230881,同江市,67,佳木斯市同江市
230882,富锦市,67,佳木斯市富锦市
230902,新兴区,68,七台河市新兴区
230903,桃山区,68,七台河市桃山区
230904,茄子河区,68,七台河市茄子河区
230921,勃利县,68,七台河市勃利县
231002,东安区,69,牡丹江市东安区
231003,阳明区,69,牡丹江市阳明区
231004,爱民区,69,牡丹江市爱民区
231005,西安区,69,牡丹江市西安区
231025,林口县,69,牡丹江市林口县
231081,绥芬河市,69,牡丹江市绥芬河市
231083,海林市,69,牡丹江市海林市
231084,宁安市,69,牡丹江市宁安市
231085,穆棱市,69,牡丹江市穆棱市
231102,爱辉区,70,黑河市爱辉区
231121,嫩江县,70,黑河市嫩江县
231123,逊克县,70,黑河市逊克县
231124,孙吴县,70,黑河市孙吴县
231181,北安市,70,黑河市北安市
231182,五大连池市,70,黑河市五大连池市
231202,北林区,71,绥化市北林区
231221,望奎县,71,绥化市望奎县
231222,兰西县,71,绥化市兰西县
231223,青冈县,71,绥化市青冈县
231224,庆安县,71,绥化市庆安县
231225,明水县,71,绥化市明水县
231226,绥棱县,71,绥化市绥棱县
231281,安达市,71,绥化市安达市
231282,肇东市,71,绥化市肇东市
231283,海伦市,71,绥化市海伦市
232721,呼玛县,72,大兴安岭地区呼玛县
232722,塔河县,72,大兴安岭地区塔河县
232723,漠河县,72,大兴安岭地区漠河县
310101,黄浦区,73,上海市黄浦区
310104,徐汇区,73,上海市徐汇区
310105,长宁区,73,上海市长宁区
310106,静安区,73,上海市静安区
310107,普陀区,73,上海市普陀区
310109,虹口区,73,上海市虹口区
310110,杨浦区,73,上海市杨浦区
310112,闵行区,73,上海市闵行区
310113,宝山区,73,上海市宝山区
310114,嘉定区,73,上海市嘉定区
310115,浦东新区,73,上海市浦东新区
310116,金山区,73,上海市金山区
310117,松江区,73,上海市松江区
310118,青浦区,73,上海市青浦区
310120,奉贤区,73,上海市奉贤区
320102,玄武区,74,南京市玄武区
320104,秦淮区,74,南京市秦淮区
320105,建邺区,74,南京市建邺区
320106,鼓楼区,74,南京市鼓楼区
320111,浦口区,74,南京市浦口区
320113,栖霞区,74,南京市栖霞区
320114,雨花台区,74,南京市雨花台区
320115,江宁区,74,南京市江宁区
320116,六合区,74,南京市六合区
320117,溧水区,74,南京市溧水区
320118,高淳区,74,南京市高淳区
320205,锡山区,75,无锡市锡山区
320206,惠山区,75,无锡市惠山区
320211,滨湖区,75,无锡市滨湖区
320281,江阴市,75,无锡市江阴市
320282,宜兴市,75,无锡市宜兴市
320302,鼓楼区,76,徐州市鼓楼区
320303,云龙区,76,徐州市云龙区
320305,贾汪区,76,徐州市贾汪区
320311,泉山区,76,徐州市泉山区
320312,铜山区,76,徐州市铜山区
320321,丰县,76,徐州市丰县
320322,沛县,76,徐州市沛县
320324,睢宁县,76,徐州市睢宁县
320381,新沂市,76,徐州市新沂市
320382,邳州市,76,徐州市邳州市
320402,天宁区,77,常州市天宁区
320404,钟楼区,77,常州市钟楼区
320411,新北区,77,常州市新北区
320412,武进区,77,常州市武进区
320481,溧阳市,77,常州市溧阳市
320505,虎丘区,78,苏州市虎丘区
320506,吴中区,78,苏州市吴中区
320507,相城区,78,苏州市相城区
320508,姑苏区,78,苏州市姑苏区
320509,吴江区,78,苏州市吴江区
320581,常熟市,78,苏州市常熟市
320582,张家港市,78,苏州市张家港市
320583,昆山市,78,苏州市昆山市
320585,太仓市,78,苏州市太仓市
320602,崇川区,79,南通市崇川区
320611,港闸区,79,南通市港闸区
320612,通州区,79,南通市通州区
320621,海安县,79,南通市海安县
320623,如东县,79,南通市如东县
320681,启东市,79,南通市启东市
320682,如皋市,79,南通市如皋市
320684,海门市,79,南通市海门市
320703,连云区,80,连云港市连云区
320706,海州区,80,连云港市海州区
320707,赣榆区,80,连云港市赣榆区
320722,东海县,80,连云港市东海县
320723,灌云县,80,连云港市灌云县
320724,灌南县,80,连云港市灌南县
320802,清河区,81,淮安市清河区
320803,淮安区,81,淮安市淮安区
320804,淮阴区,81,淮安市淮阴区
320811,清浦区,81,淮安市清浦区
320826,涟水县,81,淮安市涟水县
320830,盱眙县,81,淮安市盱眙县
320831,金湖县,81,淮安市金湖县
320902,亭湖区,82,盐城市亭湖区
320903,盐都区,82,盐城市盐都区
320921,响水县,82,盐城市响水县
320922,滨海县,82,盐城市滨海县
320923,阜宁县,82,盐城市阜宁县
320924,射阳县,82,盐城市射阳县
320925,建湖县,82,盐城市建湖县
320981,东台市,82,盐城市东台市
321002,广陵区,83,扬州市广陵区
321003,邗江区,83,扬州市邗江区
321012,江都区,83,扬州市江都区
321023,宝应县,83,扬州市宝应县
321081,仪征市,83,扬州市仪征市
321084,高邮市,83,扬州市高邮市
321102,京口区,84,镇江市京口区
321111,润州区,84,镇江市润州区
321112,丹徒区,84,镇江市丹徒区
321181,丹阳市,84,镇江市丹阳市
321182,扬中市,84,镇江市扬中市
321183,句容市,84,镇江市句容市
321202,海陵区,85,泰州市海陵区
321203,高港区,85,泰州市高港区
321204,姜堰区,85,泰州市姜堰区
321281,兴化市,85,泰州市兴化市
321282,靖江市,85,泰州市靖江市
321283,泰兴市,85,泰州市泰兴市
321302,宿城区,86,宿迁市宿城区
321311,宿豫区,86,宿迁市宿豫区
321322,沭阳县,86,宿迁市沭阳县
321323,泗阳县,86,宿迁市泗阳县
321324,泗洪县,86,宿迁市泗洪县
330102,上城区,87,杭州市上城区
330103,下城区,87,杭州市下城区
330104,江干区,87,杭州市江干区
330105,拱墅区,87,杭州市拱墅区
330106,西湖区,87,杭州市西湖区
330108,滨江区,87,杭州市滨江区
330109,萧山区,87,杭州市萧山区
330110,余杭区,87,杭州市余杭区
330122,桐庐县,87,杭州市桐庐县
330127,淳安县,87,杭州市淳安县
330182,建德市,87,杭州市建德市
330185,临安市,87,杭州市临安市
330203,海曙区,88,宁波市海曙区
330204,江东区,88,宁波市江东区
330205,江北区,88,宁波市江北区
330206,北仑区,88,宁波市北仑区
330211,镇海区,88,宁波市镇海区
330212,鄞州区,88,宁波市鄞州区
330225,象山县,88,宁波市象山县
330226,宁海县,88,宁波市宁海县
330281,余姚市,88,宁波市余姚市
330282,慈溪市,88,宁波市慈溪市
330283,奉化市,88,宁波市奉化市
330302,鹿城区,89,温州市鹿城区
330303,龙湾区,89,温州市龙湾区
330304,瓯海区,89,温州市瓯海区
330324,永嘉县,89,温州市永嘉县
330326,平阳县,89,温州市平阳县
330327,苍南县,89,温州市苍南县
330328,文成县,89,温州市文成县
330329,泰顺县,89,温州市泰顺县
330381,瑞安市,89,温州市瑞安市
330382,乐清市,89,温州市乐清市
330402,南湖区,90,嘉兴市南湖区
330411,秀洲区,90,嘉兴市秀洲区
330421,嘉善县,90,嘉兴市嘉善县
330424,海盐县,90,嘉兴市海盐县
330481,海宁市,90,嘉兴市海宁市
330482,平湖市,90,嘉兴市平湖市
330483,桐乡市,90,嘉兴市桐乡市
330502,吴兴区,91,湖州市吴兴区
330503,南浔区,91,湖州市南浔区
330521,德清县,91,湖州市德清县
330522,长兴县,91,湖州市长兴县
330523,安吉县,91,湖州市安吉县
330602,越城区,92,绍兴市越城区
330603,柯桥区,92,绍兴市柯桥区
330604,上虞区,92,绍兴市上虞区
330624,新昌县,92,绍兴市新昌县
330681,诸暨市,92,绍兴市诸暨市
330683,嵊州市,92,绍兴市嵊州市
330702,婺城区,93,金华市婺城区
330703,金东区,93,金华市金东区
330723,武义县,93,金华市武义县
330726,浦江县,93,金华市浦江县
330727,磐安县,93,金华市磐安县
330781,兰溪市,93,金华市兰溪市
330782,义乌市,93,金华市义乌市
330783,东阳市,93,金华市东阳市
330784,永康市,93,金华市永康市
330802,柯城区,94,衢州市柯城区
330803,衢江区,94,衢州市衢江区
330822,常山县,94,衢州市常山县
330824,开化县,94,衢州市开化县
330825,龙游县,94,衢州市龙游县
330881,江山市,94,衢州市江山市
330902,定海区,95,舟山市定海区
330903,普陀区,95,舟山市普陀区
330921,岱山县,95,舟山市岱山县
330922,嵊泗县,95,舟山市嵊泗县
331002,椒江区,96,台州市椒江区
331003,黄岩区,96,台州市黄岩区
331004,路桥区,96,台州市路桥区
331021,玉环县,96,台州市玉环县
331022,三门县,96,台州市三门县
331023,天台县,96,台州市天台县
331024,仙居县,96,台州市仙居县
331081,温岭市,96,台州市温岭市
331082,临海市,96,台州市临海市
331102,莲都区,97,丽水市莲都区
331121,青田县,97,丽水市青田县
331122,缙云县,97,丽水市缙云县
331123,遂昌县,97,丽水市遂昌县
331124,松阳县,97,丽水市松阳县
331125,云和县,97,丽水市云和县
331126,庆元县,97,丽水市庆元县
331127,景宁畲族自治县,97,丽水市景宁畲族自治县
331181,龙泉市,97,丽水市龙泉市
340102,瑶海区,98,合肥市瑶海区
340103,庐阳区,98,合肥市庐阳区
340104,蜀山区,98,合肥市蜀山区
340111,包河区,98,合肥市包河区
340121,长丰县,98,合肥市长丰县
340122,肥东县,98,合肥市肥东县
340123,肥西县,98,合肥市肥西县
340124,庐江县,98,合肥市庐江县
340181,巢湖市,98,合肥市巢湖市
340202,镜湖区,99,芜湖市镜湖区
340203,弋江区,99,芜湖市弋江区
340207,鸠江区,99,芜湖市鸠江区
340208,三山区,99,芜湖市三山区
340221,芜湖县,99,芜湖市芜湖县
340222,繁昌县,99,芜湖市繁昌县
340223,南陵县,99,芜湖市南陵县
340225,无为县,99,芜湖市无为县
340302,龙子湖区,100,蚌埠市龙子湖区
340303,蚌山区,100,蚌埠市蚌山区
340304,禹会区,100,蚌埠市禹会区
340311,淮上区,100,蚌埠市淮上区
340321,怀远县,100,蚌埠市怀远县
340322,五河县,100,蚌埠市五河县
340323,固镇县,100,蚌埠市固镇县
340402,大通区,101,淮南市大通区
340403,田家庵区,101,淮南市田家庵区
340404,谢家集区,101,淮南市谢家集区
340405,八公山区,101,淮南市八公山区
340406,潘集区,101,淮南市潘集区
340421,凤台县,101,淮南市凤台县
340503,花山区,102,马鞍山市花山区
340504,雨山区,102,马鞍山市雨山区
340506,博望区,102,马鞍山市博望区
340521,当涂县,102,马鞍山市当涂县
340522,含山县,102,马鞍山市含山县
340523,和县,102,马鞍山市和县
340602,杜集区,103,淮北市杜集区
340603,相山区,103,淮北市相山区
340604,烈山区,103,淮北市烈山区
340621,濉溪县,103,淮北市濉溪县
340711,郊区,104,铜陵市郊区
340802,迎江区,105,安庆市迎江区
340803,大观区,105,安庆市大观区
340811,宜秀区,105,安庆市宜秀区
340822,怀宁县,105,安庆市怀宁县
340824,潜山县,105,安庆市潜山县
340825,太湖县,105,安庆市太湖县
340826,宿松县,105,安庆市宿松县
340827,望江县,105,安庆市望江县
340828,岳西县,105,安庆市岳西县
340881,桐城市,105,安庆市桐城市
341002,屯溪区,106,黄山市屯溪区
341003,黄山区,106,黄山市黄山区
341004,徽州区,106,黄山市徽州区
341021,歙县,106,黄山市歙县
341022,休宁县,106,黄山市休宁县
341023,黟县,106,黄山市黟县
341024,祁门县,106,黄山市祁门县
341102,琅琊区,107,滁州市琅琊区
341103,南谯区,107,滁州市南谯区
341122,来安县,107,滁州市来安县
341124,全椒县,107,滁州市全椒县
341125,定远县,107,滁州市定远县
341126,凤阳县,107,滁州市凤阳县
341181,天长市,107,滁州市天长市
341182,明光市,107,滁州市明光市
341202,颍州区,108,阜阳市颍州区
341203,颍东区,108,阜阳市颍东区
341204,颍泉区,108,阜阳市颍泉区
341221,临泉县,108,阜阳市临泉县
341222,太和县,108,阜阳市太和县
341225,阜南县,108,阜阳市阜南县
341226,颍上县,108,阜阳市颍上县
341282,界首市,108,阜阳市界首市
341302,埇桥区,109,宿州市埇桥区
341321,砀山县,109,宿州市砀山县
341322,萧县,109,宿州市萧县
341323,灵璧县,109,宿州市灵璧县
341324,泗县,109,宿州市泗县
341502,金安区,111,六安市金安区
341503,裕安区,111,六安市裕安区
341522,霍邱县,111,六安市霍邱县
341523,舒城县,111,六安市舒城县
341524,金寨县,111,六安市金寨县
341525,霍山县,111,六安市霍山县
341602,谯城区,112,亳州市谯城区
341621,涡阳县,112,亳州市涡阳县
341622,蒙城县,112,亳州市蒙城县
341623,利辛县,112,亳州市利辛县
341702,贵池区,113,池州市贵池区
341721,东至县,113,池州市东至县
341722,石台县,113,池州市石台县
341723,青阳县,113,池州市青阳县
341802,宣州区,114,宣城市宣州区
341821,郎溪县,114,宣城市郎溪县
341822,广德县,114,宣城市广德县
341823,泾县,114,宣城市泾县
341824,绩溪县,114,宣城市绩溪县
341825,旌德县,114,宣城市旌德县
341881,宁国市,114,宣城市宁国市
350102,鼓楼区,115,福州市鼓楼区
350103,台江区,115,福州市台江区
350104,仓山区,115,福州市仓山区
350105,马尾区,115,福州市马尾区
350111,晋安区,115,福州市晋安区
350121,闽侯县,115,福州市闽侯县
350122,连江县,115,福州市连江县
350123,罗源县,115,福州市罗源县
350124,闽清县,115,福州市闽清县
350125,永泰县,115,福州市永泰县
350128,平潭县,115,福州市平潭县
350181,福清市,115,福州市福清市
350182,长乐市,115,福州市长乐市
350203,思明区,116,厦门市思明区
350205,海沧区,116,厦门市海沧区
350206,湖里区,116,厦门市湖里区
350211,集美区,116,厦门市集美区
350212,同安区,116,厦门市同安区
350213,翔安区,116,厦门市翔安区
350302,城厢区,117,莆田市城厢区
350303,涵江区,117,莆田市涵江区
350304,荔城区,117,莆田市荔城区
350305,秀屿区,117,莆田市秀屿区
350322,仙游县,117,莆田市仙游县
350402,梅列区,118,三明市梅列区
350403,三元区,118,三明市三元区
350421,明溪县,118,三明市明溪县
350423,清流县,118,三明市清流县
350424,宁化县,118,三明市宁化县
350425,大田县,118,三明市大田县
350426,尤溪县,118,三明市尤溪县
350427,沙县,118,三明市沙县
350428,将乐县,118,三明市将乐县
350429,泰宁县,118,三明市泰宁县
350430,建宁县,118,三明市建宁县
350481,永安市,118,三明市永安市
350502,鲤城区,119,泉州市鲤城区
350503,丰泽区,119,泉州市丰泽区
350504,洛江区,119,泉州市洛江区
350505,泉港区,119,泉州市泉港区
350521,惠安县,119,泉州市惠安县
350524,安溪县,119,泉州市安溪县
350525,永春县,119,泉州市永春县
350526,德化县,119,泉州市德化县
350527,金门县,119,泉州市金门县
350581,石狮市,119,泉州市石狮市
350582,晋江市,119,泉州市晋江市
350583,南安市,119,泉州市南安市
350602,芗城区,120,漳州市芗城区
350603,龙文区,120,漳州市龙文区
350622,云霄县,120,漳州市云霄县
350623,漳浦县,120,漳州市漳浦县
350624,诏安县,120,漳州市诏安县
350625,长泰县,120,漳州市长泰县
350626,东山县,120,漳州市东山县
350627,南靖县,120,漳州市南靖县
350628,平和县,120,漳州市平和县
350629,华安县,120,漳州市华安县
350681,龙海市,120,漳州市龙海市
350702,延平区,121,南平市延平区
350721,顺昌县,121,南平市顺昌县
350722,浦城县,121,南平市浦城县
350723,光泽县,121,南平市光泽县
350724,松溪县,121,南平市松溪县
350725,政和县,121,南平市政和县
350781,邵武市,121,南平市邵武市
350782,武夷山市,121,南平市武夷山市
350783,建瓯市,121,南平市建瓯市
350802,新罗区,122,龙岩市新罗区
350821,长汀县,122,龙岩市长汀县
350823,上杭县,122,龙岩市上杭县
350824,武平县,122,龙岩市武平县
350825,连城县,122,龙岩市连城县
350881,漳平市,122,龙岩市漳平市
350902,蕉城区,123,宁德市蕉城区
350921,霞浦县,123,宁德市霞浦县
350922,古田县,123,宁德市古田县
350923,屏南县,123,宁德市屏南县
350924,寿宁县,123,宁德市寿宁县
350925,周宁县,123,宁德市周宁县
350926,柘荣县,123,宁德市柘荣县
350981,福安市,123,宁德市福安市
350982,福鼎市,123,宁德市福鼎市
360102,东湖区,124,南昌市东湖区
360103,西湖区,124,南昌市西湖区
360104,青云谱区,124,南昌市青云谱区
360105,湾里区,124,南昌市湾里区
360111,青山湖区,124,南昌市青山湖区
360121,南昌县,124,南昌市南昌县
360123,安义县,124,南昌市安义县
360124,进贤县,124,南昌市进贤县
360202,昌江区,125,景德镇市昌江区
360203,珠山区,125,景德镇市珠山区
360222,浮梁县,125,景德镇市浮梁县
360281,乐平市,125,景德镇市乐平市
360302,安源区,126,萍乡市安源区
360313,湘东区,126,萍乡市湘东区
360321,莲花县,126,萍乡市莲花县
360322,上栗县,126,萍乡市上栗县
360323,芦溪县,126,萍乡市芦溪县
360403,浔阳区,127,九江市浔阳区
360421,九江县,127,九江市九江县
360423,武宁县,127,九江市武宁县
360424,修水县,127,九江市修水县
360425,永修县,127,九江市永修县
360426,德安县,127,九江市德安县
360428,都昌县,127,九江市都昌县
360429,湖口县,127,九江市湖口县
360430,彭泽县,127,九江市彭泽县
360481,瑞昌市,127,九江市瑞昌市
360482,共青城市,127,九江市共青城市
360502,渝水区,128,新余市渝水区
360521,分宜县,128,新余市分宜县
360602,月湖区,129,鹰潭市月湖区
360622,余江县,129,鹰潭市余江县
360681,贵溪市,129,鹰潭市贵溪市
360702,章贡区,130,赣州市章贡区
360703,南康区,130,赣州市南康区
360721,赣县,130,赣州市赣县
360722,信丰县,130,赣州市信丰县
360723,大余县,130,赣州市大余县
360724,上犹县,130,赣州市上犹县
360725,崇义县,130,赣州市崇义县
360726,安远县,130,赣州市安远县
360727,龙南县,130,赣州市龙南县
360728,定南县,130,赣州市定南县
360729,全南县,130,赣州市全南县
360730,宁都县,130,赣州市宁都县
360731,于都县,130,赣州市于都县
360732,兴国县,130,赣州市兴国县
360733,会昌县,130,赣州市会昌县
360734,寻乌县,130,赣州市寻乌县
360735,石城县,130,赣州市石城县
360781,瑞金市,130,赣州市瑞金市
360802,吉州区,131,吉安市吉州区
360803,青原区,131,吉安市青原区
360821,吉安县,131,吉安市吉安县
360822,吉水县,131,吉安市吉水县
360823,峡江县,131,吉安市峡江县
360824,新干县,131,吉安市新干县
360825,永丰县,131,吉安市永丰县
360826,泰和县,131,吉安市泰和县
360827,遂川县,131,吉安市遂川县
360828,万安县,131,吉安市万安县
360829,安福县,131,吉安市安福县
360830,永新县,131,吉安市永新县
360881,井冈山市,131,吉安市井冈山市
360902,袁州区,132,宜春市袁州区
360921,奉新县,132,宜春市奉新县
360922,万载县,132,宜春市万载县
360923,上高县,132,宜春市上高县
360924,宜丰县,132,宜春市宜丰县
360925,靖安县,132,宜春市靖安县
360926,铜鼓县,132,宜春市铜鼓县
360981,丰城市,132,宜春市丰城市
360982,樟树市,132,宜春市樟树市
360983,高安市,132,宜春市高安市
361002,临川区,133,抚州市临川区
361021,南城县,133,抚州市南城县
361022,黎川县,133,抚州市黎川县
361023,南丰县,133,抚州市南丰县
361024,崇仁县,133,抚州市崇仁县
361025,乐安县,133,抚州市乐安县
361026,宜黄县,133,抚州市宜黄县
361027,金溪县,133,抚州市金溪县
361028,资溪县,133,抚州市资溪县
361029,东乡县,133,抚州市东乡县
361030,广昌县,133,抚州市广昌县
361102,信州区,134,上饶市信州区
361121,上饶县,134,上饶市上饶县
361123,玉山县,134,上饶市玉山县
361124,铅山县,134,上饶市铅山县
361125,横峰县,134,上饶市横峰县
361126,弋阳县,134,上饶市弋阳县
361127,余干县,134,上饶市余干县
361128,鄱阳县,134,上饶市鄱阳县
361129,万年县,134,上饶市万年县
361130,婺源县,134,上饶市婺源县
361181,德兴市,134,上饶市德兴市
370102,历下区,135,济南市历下区
370103,市中区,135,济南市市中区
370104,槐荫区,135,济南市槐荫区
370105,天桥区,135,济南市天桥区
370112,历城区,135,济南市历城区
370113,长清区,135,济南市长清区
370124,平阴县,135,济南市平阴县
370125,济阳县,135,济南市济阳县
370126,商河县,135,济南市商河县
370181,章丘市,135,济南市章丘市
370202,市南区,136,青岛市市南区
370203,市北区,136,青岛市市北区
370211,黄岛区,136,青岛市黄岛区
370212,崂山区,136,青岛市崂山区
370213,李沧区,136,青岛市李沧区
370214,城阳区,136,青岛市城阳区
370281,胶州市,136,青岛市胶州市
370282,即墨市,136,青岛市即墨市
370283,平度市,136,青岛市平度市
370285,莱西市,136,青岛市莱西市
370302,淄川区,137,淄博市淄川区
370303,张店区,137,淄博市张店区
370304,博山区,137,淄博市博山区
370305,临淄区,137,淄博市临淄区
370306,周村区,137,淄博市周村区
370321,桓台县,137,淄博市桓台县
370322,高青县,137,淄博市高青县
370323,沂源县,137,淄博市沂源县
370402,市中区,138,枣庄市市中区
370403,薛城区,138,枣庄市薛城区
370404,峄城区,138,枣庄市峄城区
370405,台儿庄区,138,枣庄市台儿庄区
370406,山亭区,138,枣庄市山亭区
370481,滕州市,138,枣庄市滕州市
370502,东营区,139,东营市东营区
370503,河口区,139,东营市河口区
370522,利津县,139,东营市利津县
370523,广饶县,139,东营市广饶县
370602,芝罘区,140,烟台市芝罘区
370611,福山区,140,烟台市福山区
370612,牟平区,140,烟台市牟平区
370613,莱山区,140,烟台市莱山区
370634,长岛县,140,烟台市长岛县
370681,龙口市,140,烟台市龙口市
370682,莱阳市,140,烟台市莱阳市
370683,莱州市,140,烟台市莱州市
370684,蓬莱市,140,烟台市蓬莱市
370685,招远市,140,烟台市招远市
370686,栖霞市,140,烟台市栖霞市
370687,海阳市,140,烟台市海阳市
370702,潍城区,141,潍坊市潍城区
370703,寒亭区,141,潍坊市寒亭区
370704,坊子区,141,潍坊市坊子区
370705,奎文区,141,潍坊市奎文区
370724,临朐县,141,潍坊市临朐县
370725,昌乐县,141,潍坊市昌乐县
370781,青州市,141,潍坊市青州市
370782,诸城市,141,潍坊市诸城市
370783,寿光市,141,潍坊市寿光市
370784,安丘市,141,潍坊市安丘市
370785,高密市,141,潍坊市高密市
370786,昌邑市,141,潍坊市昌邑市
370811,任城区,142,济宁市任城区
370812,兖州区,142,济宁市兖州区
370826,微山县,142,济宁市微山县
370827,鱼台县,142,济宁市鱼台县
370828,金乡县,142,济宁市金乡县
370829,嘉祥县,142,济宁市嘉祥县
370830,汶上县,142,济宁市汶上县
370831,泗水县,142,济宁市泗水县
370832,梁山县,142,济宁市梁山县
370881,曲阜市,142,济宁市曲阜市
370883,邹城市,142,济宁市邹城市
370902,泰山区,143,泰安市泰山区
370911,岱岳区,143,泰安市岱岳区
370921,宁阳县,143,泰安市宁阳县
370923,东平县,143,泰安市东平县
370982,新泰市,143,泰安市新泰市
370983,肥城市,143,泰安市肥城市
371002,环翠区,144,威海市环翠区
371003,文登区,144,威海市文登区
371082,荣成市,144,威海市荣成市
371083,乳山市,144,威海市乳山市
371102,东港区,145,日照市东港区
371103,岚山区,145,日照市岚山区
371121,五莲县,145,日照市五莲县
371122,莒县,145,日照市莒县
371202,莱城区,146,莱芜市莱城区
371203,钢城区,146,莱芜市钢城区
371302,兰山区,147,临沂市兰山区
371311,罗庄区,147,临沂市罗庄区
371312,河东区,147,临沂市河东区
371321,沂南县,147,临沂市沂南县
371322,郯城县,147,临沂市郯城县
371323,沂水县,147,临沂市沂水县
371324,兰陵县,147,临沂市兰陵县
371325,费县,147,临沂市费县
371326,平邑县,147,临沂市平邑县
371327,莒南县,147,临沂市莒南县
371328,蒙阴县,147,临沂市蒙阴县
371329,临沭县,147,临沂市临沭县
371402,德城区,148,德州市德城区
371403,陵城区,148,德州市陵城区
371422,宁津县,148,德州市宁津县
371423,庆云县,148,德州市庆云县
371424,临邑县,148,德州市临邑县
371425,齐河县,148,德州市齐河县
371426,平原县,148,德州市平原县
371427,夏津县,148,德州市夏津县
371428,武城县,148,德州市武城县
371481,乐陵市,148,德州市乐陵市
371482,禹城市,148,德州市禹城市
371502,东昌府区,149,聊城市东昌府区
371521,阳谷县,149,聊城市阳谷县
371522,莘县,149,聊城市莘县
371523,茌平县,149,聊城市茌平县
371524,东阿县,149,聊城市东阿县
371525,冠县,149,聊城市冠县
371526,高唐县,149,聊城市高唐县
371581,临清市,149,聊城市临清市
371602,滨城区,150,滨州市滨城区
371603,沾化区,150,滨州市沾化区
371621,惠民县,150,滨州市惠民县
371622,阳信县,150,滨州市阳信县
371623,无棣县,150,滨州市无棣县
371625,博兴县,150,滨州市博兴县
371626,邹平县,150,滨州市邹平县
371702,牡丹区,151,菏泽市牡丹区
371721,曹县,151,菏泽市曹县
371722,单县,151,菏泽市单县
371723,成武县,151,菏泽市成武县
371724,巨野县,151,菏泽市巨野县
371725,郓城县,151,菏泽市郓城县
371726,鄄城县,151,菏泽市鄄城县
371728,东明县,151,菏泽市东明县
410102,中原区,152,郑州市中原区
410103,二七区,152,郑州市二七区
410104,管城回族区,152,郑州市管城回族区
410105,金水区,152,郑州市金水区
410106,上街区,152,郑州市上街区
410108,惠济区,152,郑州市惠济区
410122,中牟县,152,郑州市中牟县
410181,巩义市,152,郑州市巩义市
410182,荥阳市,152,郑州市荥阳市
410183,新密市,152,郑州市新密市
410184,新郑市,152,郑州市新郑市
410185,登封市,152,郑州市登封市
410202,龙亭区,153,开封市龙亭区
410203,顺河回族区,153,开封市顺河回族区
410204,鼓楼区,153,开封市鼓楼区
410205,禹王台区,153,开封市禹王台区
410221,杞县,153,开封市杞县
410222,通许县,153,开封市通许县
410223,尉氏县,153,开封市尉氏县
410225,兰考县,153,开封市兰考县
410302,老城区,154,洛阳市老城区
410303,西工区,154,洛阳市西工区
410304,瀍河回族区,154,洛阳市瀍河回族区
410305,涧西区,154,洛阳市涧西区
410306,吉利区,154,洛阳市吉利区
410311,洛龙区,154,洛阳市洛龙区
410322,孟津县,154,洛阳市孟津县
410323,新安县,154,洛阳市新安县
410324,栾川县,154,洛阳市栾川县
410325,嵩县,154,洛阳市嵩县
410326,汝阳县,154,洛阳市汝阳县
410327,宜阳县,154,洛阳市宜阳县
410328,洛宁县,154,洛阳市洛宁县
410329,伊川县,154,洛阳市伊川县
410381,偃师市,154,洛阳市偃师市
410402,新华区,155,平顶山市新华区
410403,卫东区,155,平顶山市卫东区
410404,石龙区,155,平顶山市石龙区
410411,湛河区,155,平顶山市湛河区
410421,宝丰县,155,平顶山市宝丰县
410422,叶县,155,平顶山市叶县
410423,鲁山县,155,平顶山市鲁山县
410425,郏县,155,平顶山市郏县
410481,舞钢市,155,平顶山市舞钢市
410482,汝州市,155,平顶山市汝州市
410502,文峰区,156,安阳市文峰区
410503,北关区,156,安阳市北关区
410505,殷都区,156,安阳市殷都区
410506,龙安区,156,安阳市龙安区
410522,安阳县,156,安阳市安阳县
410523,汤阴县,156,安阳市汤阴县
410526,滑县,156,安阳市滑县
410527,内黄县,156,安阳市内黄县
410581,林州市,156,安阳市林州市
410602,鹤山区,157,鹤壁市鹤山区
410603,山城区,157,鹤壁市山城区
410611,淇滨区,157,鹤壁市淇滨区
410621,浚县,157,鹤壁市浚县
410622,淇县,157,鹤壁市淇县
410702,红旗区,158,新乡市红旗区
410703,卫滨区,158,新乡市卫滨区
410704,凤泉区,158,新乡市凤泉区
410711,牧野区,158,新乡市牧野区
410721,新乡县,158,新乡市新乡县
410724,获嘉县,158,新乡市获嘉县
410725,原阳县,158,新乡市原阳县
410726,延津县,158,新乡市延津县
410727,封丘县,158,新乡市封丘县
410728,长垣县,158,新乡市长垣县
410781,卫辉市,158,新乡市卫辉市
410782,辉县市,158,新乡市辉县市
410802,解放区,159,焦作市解放区
410803,中站区,159,焦作市中站区
410804,马村区,159,焦作市马村区
410811,山阳区,159,焦作市山阳区
410821,修武县,159,焦作市修武县
410822,博爱县,159,焦作市博爱县
410823,武陟县,159,焦作市武陟县
410825,温县,159,焦作市温县
410882,沁阳市,159,焦作市沁阳市
410883,孟州市,159,焦作市孟州市
410902,华龙区,160,濮阳市华龙区
410922,清丰县,160,濮阳市清丰县
410923,南乐县,160,濮阳市南乐县
410926,范县,160,濮阳市范县
410927,台前县,160,濮阳市台前县
410928,濮阳县,160,濮阳市濮阳县
411002,魏都区,161,许昌市魏都区
411023,许昌县,161,许昌市许昌县
411024,鄢陵县,161,许昌市鄢陵县
411025,襄城县,161,许昌市襄城县
411081,禹州市,161,许昌市禹州市
411082,长葛市,161,许昌市长葛市
411102,源汇区,162,漯河市源汇区
411103,郾城区,162,漯河市郾城区
411104,召陵区,162,漯河市召陵区
411121,舞阳县,162,漯河市舞阳县
411122,临颍县,162,漯河市临颍县
411202,湖滨区,163,三门峡市湖滨区
411221,渑池县,163,三门峡市渑池县
411224,卢氏县,163,三门峡市卢氏县
411281,义马市,163,三门峡市义马市
411282,灵宝市,163,三门峡市灵宝市
411302,宛城区,164,南阳市宛城区
411303,卧龙区,164,南阳市卧龙区
411321,南召县,164,南阳市南召县
411322,方城县,164,南阳市方城县
411323,西峡县,164,南阳市西峡县
411324,镇平县,164,南阳市镇平县
411325,内乡县,164,南阳市内乡县
411326,淅川县,164,南阳市淅川县
411327,社旗县,164,南阳市社旗县
411328,唐河县,164,南阳市唐河县
411329,新野县,164,南阳市新野县
411330,桐柏县,164,南阳市桐柏县
411381,邓州市,164,南阳市邓州市
411402,梁园区,165,商丘市梁园区
411403,睢阳区,165,商丘市睢阳区
411421,民权县,165,商丘市民权县
411422,睢县,165,商丘市睢县
411423,宁陵县,165,商丘市宁陵县
411424,柘城县,165,商丘市柘城县
411425,虞城县,165,商丘市虞城县
411426,夏邑县,165,商丘市夏邑县
411481,永城市,165,商丘市永城市
411502,浉河区,166,信阳市浉河区
411503,平桥区,166,信阳市平桥区
411521,罗山县,166,信阳市罗山县
411522,光山县,166,信阳市光山县
411523,新县,166,信阳市新县
411524,商城县,166,信阳市商城县
411525,固始县,166,信阳市固始县
411526,潢川县,166,信阳市潢川县
411527,淮滨县,166,信阳市淮滨县
411528,息县,166,信阳市息县
411602,川汇区,167,周口市川汇区
411621,扶沟县,167,周口市扶沟县
411622,西华县,167,周口市西华县
411623,商水县,167,周口市商水县
411624,沈丘县,167,周口市沈丘县
411625,郸城县,167,周口市郸城县
411626,淮阳县,167,周口市淮阳县
411627,太康县,167,周口市太康县
411628,鹿邑县,167,周口市鹿邑县
411681,项城市,167,周口市项城市
411702,驿城区,168,驻马店市驿城区
411721,西平县,168,驻马店市西平县
411722,上蔡县,168,驻马店市上蔡县
411723,平舆县,168,驻马店市平舆县
411724,正阳县,168,驻马店市正阳县
411725,确山县,168,驻马店市确山县
411726,泌阳县,168,驻马店市泌阳县
411727,汝南县,168,驻马店市汝南县
411728,遂平县,168,驻马店市遂平县
411729,新蔡县,168,驻马店市新蔡县
419001,济源市,344,济源市
420102,江岸区,169,武汉市江岸区
420103,江汉区,169,武汉市江汉区
420104,硚口区,169,武汉市硚口区
420105,汉阳区,169,武汉市汉阳区
420106,武昌区,169,武汉市武昌区
420107,青山区,169,武汉市青山区
420111,洪山区,169,武汉市洪山区
420112,东西湖区,169,武汉市东西湖区
420113,汉南区,169,武汉市汉南区
420114,蔡甸区,169,武汉市蔡甸区
420115,江夏区,169,武汉市江夏区
420116,黄陂区,169,武汉市黄陂区
420117,新洲区,169,武汉市新洲区
420202,黄石港区,170,黄石市黄石港区
420203,西塞山区,170,黄石市西塞山区
420204,下陆区,170,黄石市下陆区
420205,铁山区,170,黄石市铁山区
420222,阳新县,170,黄石市阳新县
420281,大冶市,170,黄石市大冶市
420302,茅箭区,171,十堰市茅箭区
420303,张湾区,171,十堰市张湾区
420304,郧阳区,171,十堰市郧阳区
420322,郧西县,171,十堰市郧西县
420323,竹山县,171,十堰市竹山县
420324,竹溪县,171,十堰市竹溪县
420325,房县,171,十堰市房县
420381,丹江口市,171,十堰市丹江口市
420502,西陵区,172,宜昌市西陵区
420503,伍家岗区,172,宜昌市伍家岗区
420504,点军区,172,宜昌市点军区
420505,猇亭区,172,宜昌市猇亭区
420506,夷陵区,172,宜昌市夷陵区
420525,远安县,172,宜昌市远安县
420526,兴山县,172,宜昌市兴山县
420527,秭归县,172,宜昌市秭归县
420528,长阳土家族自治县,172,宜昌市长阳土家族自治县
420529,五峰土家族自治县,172,宜昌市五峰土家族自治县
420581,宜都市,172,宜昌市宜都市
420582,当阳市,172,宜昌市当阳市
420583,枝江市,172,宜昌市枝江市
420602,襄城区,173,襄阳市襄城区
420606,樊城区,173,襄阳市樊城区
420607,襄州区,173,襄阳市襄州区
420624,南漳县,173,襄阳市南漳县
420625,谷城县,173,襄阳市谷城县
420626,保康县,173,襄阳市保康县
420682,老河口市,173,襄阳市老河口市
420683,枣阳市,173,襄阳市枣阳市
420684,宜城市,173,襄阳市宜城市
420702,梁子湖区,174,鄂州市梁子湖区
420703,华容区,174,鄂州市华容区
420704,鄂城区,174,鄂州市鄂城区
420802,东宝区,175,荆门市东宝区
420804,掇刀区,175,荆门市掇刀区
420821,京山县,175,荆门市京山县
420822,沙洋县,175,荆门市沙洋县
420881,钟祥市,175,荆门市钟祥市
420902,孝南区,176,孝感市孝南区
420921,孝昌县,176,孝感市孝昌县
420922,大悟县,176,孝感市大悟县
420923,云梦县,176,孝感市云梦县
420981,应城市,176,孝感市应城市
420982,安陆市,176,孝感市安陆市
420984,汉川市,176,孝感市汉川市
421002,沙市区,177,荆州市沙市区
421003,荆州区,177,荆州市荆州区
421022,公安县,177,荆州市公安县
421023,监利县,177,荆州市监利县
421024,江陵县,177,荆州市江陵县
421081,石首市,177,荆州市石首市
421083,洪湖市,177,荆州市洪湖市
421087,松滋市,177,荆州市松滋市
421102,黄州区,178,黄冈市黄州区
421121,团风县,178,黄冈市团风县
421122,红安县,178,黄冈市红安县
421123,罗田县,178,黄冈市罗田县
421124,英山县,178,黄冈市英山县
421125,浠水县,178,黄冈市浠水县
421126,蕲春县,178,黄冈市蕲春县
421127,黄梅县,178,黄冈市黄梅县
421181,麻城市,178,黄冈市麻城市
421182,武穴市,178,黄冈市武穴市
421202,咸安区,179,咸宁市咸安区
421221,嘉鱼县,179,咸宁市嘉鱼县
421222,通城县,179,咸宁市通城县
421223,崇阳县,179,咸宁市崇阳县
421224,通山县,179,咸宁市通山县
421281,赤壁市,179,咸宁市赤壁市
421303,曾都区,180,随州市曾都区
421321,随县,180,随州市随县
421381,广水市,180,随州市广水市
422801,恩施市,181,恩施土家族苗族自治州恩施市
422802,利川市,181,恩施土家族苗族自治州利川市
422822,建始县,181,恩施土家族苗族自治州建始县
422823,巴东县,181,恩施土家族苗族自治州巴东县
422825,宣恩县,181,恩施土家族苗族自治州宣恩县
422826,咸丰县,181,恩施土家族苗族自治州咸丰县
422827,来凤县,181,恩施土家族苗族自治州来凤县
422828,鹤峰县,181,恩施土家族苗族自治州鹤峰县
429004,仙桃市,182,仙桃市
429005,潜江市,182,潜江市
429006,天门市,182,天门市
429021,神农架林区,182,神农架林区
430102,芙蓉区,183,长沙市芙蓉区
430103,天心区,183,长沙市天心区
430104,岳麓区,183,长沙市岳麓区
430105,开福区,183,长沙市开福区
430111,雨花区,183,长沙市雨花区
430112,望城区,183,长沙市望城区
430121,长沙县,183,长沙市长沙县
430124,宁乡县,183,长沙市宁乡县
430181,浏阳市,183,长沙市浏阳市
430202,荷塘区,184,株洲市荷塘区
430203,芦淞区,184,株洲市芦淞区
430204,石峰区,184,株洲市石峰区
430211,天元区,184,株洲市天元区
430221,株洲县,184,株洲市株洲县
430223,攸县,184,株洲市攸县
430224,茶陵县,184,株洲市茶陵县
430225,炎陵县,184,株洲市炎陵县
430281,醴陵市,184,株洲市醴陵市
430302,雨湖区,185,湘潭市雨湖区
430304,岳塘区,185,湘潭市岳塘区
430321,湘潭县,185,湘潭市湘潭县
430381,湘乡市,185,湘潭市湘乡市
430382,韶山市,185,湘潭市韶山市
430405,珠晖区,186,衡阳市珠晖区
430406,雁峰区,186,衡阳市雁峰区
430407,石鼓区,186,衡阳市石鼓区
430408,蒸湘区,186,衡阳市蒸湘区
430412,南岳区,186,衡阳市南岳区
430421,衡阳县,186,衡阳市衡阳县
430422,衡南县,186,衡阳市衡南县
430423,衡山县,186,衡阳市衡山县
430424,衡东县,186,衡阳市衡东县
430426,祁东县,186,衡阳市祁东县
430481,耒阳市,186,衡阳市耒阳市
430482,常宁市,186,衡阳市常宁市
430502,双清区,187,邵阳市双清区
430503,大祥区,187,邵阳市大祥区
430511,北塔区,187,邵阳市北塔区
430521,邵东县,187,邵阳市邵东县
430522,新邵县,187,邵阳市新邵县
430523,邵阳县,187,邵阳市邵阳县
430524,隆回县,187,邵阳市隆回县
430525,洞口县,187,邵阳市洞口县
430527,绥宁县,187,邵阳市绥宁县
430528,新宁县,187,邵阳市新宁县
430529,城步苗族自治县,187,邵阳市城步苗族自治县
430581,武冈市,187,邵阳市武冈市
430602,岳阳楼区,188,岳阳市岳阳楼区
430603,云溪区,188,岳阳市云溪区
430611,君山区,188,岳阳市君山区
430621,岳阳县,188,岳阳市岳阳县
430623,华容县,188,岳阳市华容县
430624,湘阴县,188,岳阳市湘阴县
430626,平江县,188,岳阳市平江县
430681,汨罗市,188,岳阳市汨罗市
430682,临湘市,188,岳阳市临湘市
430702,武陵区,189,常德市武陵区
430703,鼎城区,189,常德市鼎城区
430721,安乡县,189,常德市安乡县
430722,汉寿县,189,常德市汉寿县
430723,澧县,189,常德市澧县
430724,临澧县,189,常德市临澧县
430725,桃源县,189,常德市桃源县
430726,石门县,189,常德市石门县
430781,津市市,189,常德市津市市
430802,永定区,190,张家界市永定区
430811,武陵源区,190,张家界市武陵源区
430821,慈利县,190,张家界市慈利县
430822,桑植县,190,张家界市桑植县
430902,资阳区,191,益阳市资阳区
430903,赫山区,191,益阳市赫山区
430921,南县,191,益阳市南县
430922,桃江县,191,益阳市桃江县
430923,安化县,191,益阳市安化县
430981,沅江市,191,益阳市沅江市
431002,北湖区,192,郴州市北湖区
431003,苏仙区,192,郴州市苏仙区
431021,桂阳县,192,郴州市桂阳县
431022,宜章县,192,郴州市宜章县
431023,永兴县,192,郴州市永兴县
431024,嘉禾县,192,郴州市嘉禾县
431025,临武县,192,郴州市临武县
431026,汝城县,192,郴州市汝城县
431027,桂东县,192,郴州市桂东县
431028,安仁县,192,郴州市安仁县
431081,资兴市,192,郴州市资兴市
431102,零陵区,193,永州市零陵区
431103,冷水滩区,193,永州市冷水滩区
431121,祁阳县,193,永州市祁阳县
431122,东安县,193,永州市东安县
431123,双牌县,193,永州市双牌县
431124,道县,193,永州市道县
431125,江永县,193,永州市江永县
431126,宁远县,193,永州市宁远县
431127,蓝山县,193,永州市蓝山县
431128,新田县,193,永州市新田县
431129,江华瑶族自治县,193,永州市江华瑶族自治县
431202,鹤城区,194,怀化市鹤城区
431221,中方县,194,怀化市中方县
431222,沅陵县,194,怀化市沅陵县
431223,辰溪县,194,怀化市辰溪县
431224,溆浦县,194,怀化市溆浦县
431225,会同县,194,怀化市会同县
431226,麻阳苗族自治县,194,怀化市麻阳苗族自治县
431227,新晃侗族自治县,194,怀化市新晃侗族自治县
431228,芷江侗族自治县,194,怀化市芷江侗族自治县
431229,靖州苗族侗族自治县,194,怀化市靖州苗族侗族自治县
431230,通道侗族自治县,194,怀化市通道侗族自治县
431281,洪江市,194,怀化市洪江市
431302,娄星区,195,娄底市娄星区
431321,双峰县,195,娄底市双峰县
431322,新化县,195,娄底市新化县
431381,冷水江市,195,娄底市冷水江市
431382,涟源市,195,娄底市涟源市
433101,吉首市,196,湘西土家族苗族自治州吉首市
433122,泸溪县,196,湘西土家族苗族自治州泸溪县
433123,凤凰县,196,湘西土家族苗族自治州凤凰县
433124,花垣县,196,湘西土家族苗族自治州花垣县
433125,保靖县,196,湘西土家族苗族自治州保靖县
433126,古丈县,196,湘西土家族苗族自治州古丈县
433127,永顺县,196,湘西土家族苗族自治州永顺县
433130,龙山县,196,湘西土家族苗族自治州龙山县
440103,荔湾区,197,广州市荔湾区
440104,越秀区,197,广州市越秀区
440105,海珠区,197,广州市海珠区
440106,天河区,197,广州市天河区
440111,白云区,197,广州市白云区
440112,黄埔区,197,广州市黄埔区
440113,番禺区,197,广州市番禺区
440114,花都区,197,广州市花都区
440115,南沙区,197,广州市南沙区
440117,从化区,197,广州市从化区
440118,增城区,197,广州市增城区
440203,武江区,198,韶关市武江区
440204,浈江区,198,韶关市浈江区
440205,曲江区,198,韶关市曲江区
440222,始兴县,198,韶关市始兴县
440224,仁化县,198,韶关市仁化县
440229,翁源县,198,韶关市翁源县
440232,乳源瑶族自治县,198,韶关市乳源瑶族自治县
440233,新丰县,198,韶关市新丰县
440281,乐昌市,198,韶关市乐昌市
440282,南雄市,198,韶关市南雄市
440303,罗湖区,199,深圳市罗湖区
440304,福田区,199,深圳市福田区
440305,南山区,199,深圳市南山区
440306,宝安区,199,深圳市宝安区
440307,龙岗区,199,深圳市龙岗区
440308,盐田区,199,深圳市盐田区
440402,香洲区,200,珠海市香洲区
440403,斗门区,200,珠海市斗门区
440404,金湾区,200,珠海市金湾区
440507,龙湖区,201,汕头市龙湖区
440511,金平区,201,汕头市金平区
440512,濠江区,201,汕头市濠江区
440513,潮阳区,201,汕头市潮阳区
440514,潮南区,201,汕头市潮南区
440515,澄海区,201,汕头市澄海区
440523,南澳县,201,汕头市南澳县
440604,禅城区,202,佛山市禅城区
440605,南海区,202,佛山市南海区
440606,顺德区,202,佛山市顺德区
440607,三水区,202,佛山市三水区
440608,高明区,202,佛山市高明区
440703,蓬江区,203,江门市蓬江区
440704,江海区,203,江门市江海区
440705,新会区,203,江门市新会区
440781,台山市,203,江门市台山市
440783,开平市,203,江门市开平市
440784,鹤山市,203,江门市鹤山市
440785,恩平市,203,江门市恩平市
440802,赤坎区,204,湛江市赤坎区
440803,霞山区,204,湛江市霞山区
440804,坡头区,204,湛江市坡头区
440811,麻章区,204,湛江市麻章区
440823,遂溪县,204,湛江市遂溪县
440825,徐闻县,204,湛江市徐闻县
440881,廉江市,204,湛江市廉江市
440882,雷州市,204,湛江市雷州市
440883,吴川市,204,湛江市吴川市
440902,茂南区,205,茂名市茂南区
440904,电白区,205,茂名市电白区
440981,高州市,205,茂名市高州市
440982,化州市,205,茂名市化州市
440983,信宜市,205,茂名市信宜市
441202,端州区,206,肇庆市端州区
441203,鼎湖区,206,肇庆市鼎湖区
441223,广宁县,206,肇庆市广宁县
441224,怀集县,206,肇庆市怀集县
441225,封开县,206,肇庆市封开县
441226,德庆县,206,肇庆市德庆县
441284,四会市,206,肇庆市四会市
441302,惠城区,207,惠州市惠城区
441303,惠阳区,207,惠州市惠阳区
441322,博罗县,207,惠州市博罗县
441323,惠东县,207,惠州市惠东县
441324,龙门县,207,惠州市龙门县
441402,梅江区,208,梅州市梅江区
441403,梅县区,208,梅州市梅县区
441422,大埔县,208,梅州市大埔县
441423,丰顺县,208,梅州市丰顺县
441424,五华县,208,梅州市五华县
441426,平远县,208,梅州市平远县
441427,蕉岭县,208,梅州市蕉岭县
441481,兴宁市,208,梅州市兴宁市
441502,城区,209,汕尾市城区
441521,海丰县,209,汕尾市海丰县
441523,陆河县,209,汕尾市陆河县
441581,陆丰市,209,汕尾市陆丰市
441602,源城区,210,河源市源城区
441621,紫金县,210,河源市紫金县
441622,龙川县,210,河源市龙川县
441623,连平县,210,河源市连平县
441624,和平县,210,河源市和平县
441625,东源县,210,河源市东源县
441702,江城区,211,阳江市江城区
441721,阳西县,211,阳江市阳西县
441781,阳春市,211,阳江市阳春市
441802,清城区,212,清远市清城区
441803,清新区,212,清远市清新区
441821,佛冈县,212,清远市佛冈县
441823,阳山县,212,清远市阳山县
441825,连山壮族瑶族自治县,212,清远市连山壮族瑶族自治县
441826,连南瑶族自治县,212,清远市连南瑶族自治县
441881,英德市,212,清远市英德市
441882,连州市,212,清远市连州市
445102,湘桥区,215,潮州市湘桥区
445103,潮安区,215,潮州市潮安区
445122,饶平县,215,潮州市饶平县
445202,榕城区,216,揭阳市榕城区
445203,揭东区,216,揭阳市揭东区
445222,揭西县,216,揭阳市揭西县
445224,惠来县,216,揭阳市惠来县
445281,普宁市,216,揭阳市普宁市
445302,云城区,217,云浮市云城区
445303,云安区,217,云浮市云安区
445321,新兴县,217,云浮市新兴县
445322,郁南县,217,云浮市郁南县
445381,罗定市,217,云浮市罗定市
450102,兴宁区,218,南宁市兴宁区
450103,青秀区,218,南宁市青秀区
450105,江南区,218,南宁市江南区
450107,西乡塘区,218,南宁市西乡塘区
450108,良庆区,218,南宁市良庆区
450109,邕宁区,218,南宁市邕宁区
450123,隆安县,218,南宁市隆安县
450124,马山县,218,南宁市马山县
450125,上林县,218,南宁市上林县
450126,宾阳县,218,南宁市宾阳县
450127,横县,218,南宁市横县
450202,城中区,219,柳州市城中区
450203,鱼峰区,219,柳州市鱼峰区
450204,柳南区,219,柳州市柳南区
450205,柳北区,219,柳州市柳北区
450222,柳城县,219,柳州市柳城县
450223,鹿寨县,219,柳州市鹿寨县
450224,融安县,219,柳州市融安县
450225,融水苗族自治县,219,柳州市融水苗族自治县
450226,三江侗族自治县,219,柳州市三江侗族自治县
450302,秀峰区,220,桂林市秀峰区
450303,叠彩区,220,桂林市叠彩区
450304,象山区,220,桂林市象山区
450305,七星区,220,桂林市七星区
450311,雁山区,220,桂林市雁山区
450312,临桂区,220,桂林市临桂区
450321,阳朔县,220,桂林市阳朔县
450323,灵川县,220,桂林市灵川县
450324,全州县,220,桂林市全州县
450325,兴安县,220,桂林市兴安县
450326,永福县,220,桂林市永福县
450327,灌阳县,220,桂林市灌阳县
450328,龙胜各族自治县,220,桂林市龙胜各族自治县
450329,资源县,220,桂林市资源县
450330,平乐县,220,桂林市平乐县
450331,荔浦县,220,桂林市荔浦县
450332,恭城瑶族自治县,220,桂林市恭城瑶族自治县
450403,万秀区,221,梧州市万秀区
450405,长洲区,221,梧州市长洲区
450406,龙圩区,221,梧州市龙圩区
450421,苍梧县,221,梧州市苍梧县
450422,藤县,221,梧州市藤县
450423,蒙山县,221,梧州市蒙山县
450481,岑溪市,221,梧州市岑溪市
450502,海城区,222,北海市海城区
450503,银海区,222,北海市银海区
450512,铁山港区,222,北海市铁山港区
450521,合浦县,222,北海市合浦县
450602,港口区,223,防城港市港口区
450603,防城区,223,防城港市防城区
450621,上思县,223,防城港市上思县
450681,东兴市,223,防城港市东兴市
450702,钦南区,224,钦州市钦南区
450703,钦北区,224,钦州市钦北区
450721,灵山县,224,钦州市灵山县
450722,浦北县,224,钦州市浦北县
450802,港北区,225,贵港市港北区
450803,港南区,225,贵港市港南区
450804,覃塘区,225,贵港市覃塘区
450821,平南县,225,贵港市平南县
450881,桂平市,225,贵港市桂平市
450902,玉州区,226,玉林市玉州区
450903,福绵区,226,玉林市福绵区
450921,容县,226,玉林市容县
450922,陆川县,226,玉林市陆川县
450923,博白县,226,玉林市博白县
450924,兴业县,226,玉林市兴业县
450981,北流市,226,玉林市北流市
451002,右江区,227,百色市右江区
451021,田阳县,227,百色市田阳县
451022,田东县,227,百色市田东县
451023,平果县,227,百色市平果县
451024,德保县,227,百色市德保县
451026,那坡县,227,百色市那坡县
451027,凌云县,227,百色市凌云县
451028,乐业县,227,百色市乐业县
451029,田林县,227,百色市田林县
451030,西林县,227,百色市西林县
451031,隆林各族自治县,227,百色市隆林各族自治县
451102,八步区,228,贺州市八步区
451121,昭平县,228,贺州市昭平县
451122,钟山县,228,贺州市钟山县
451123,富川瑶族自治县,228,贺州市富川瑶族自治县
451202,金城江区,229,河池市金城江区
451221,南丹县,229,河池市南丹县
451222,天峨县,229,河池市天峨县
451223,凤山县,229,河池市凤山县
451224,东兰县,229,河池市东兰县
451225,罗城仫佬族自治县,229,河池市罗城仫佬族自治县
451226,环江毛南族自治县,229,河池市环江毛南族自治县
451227,巴马瑶族自治县,229,河池市巴马瑶族自治县
451228,都安瑶族自治县,229,河池市都安瑶族自治县
451229,大化瑶族自治县,229,河池市大化瑶族自治县
451281,宜州市,229,河池市宜州市
451302,兴宾区,230,来宾市兴宾区
451321,忻城县,230,来宾市忻城县
451322,象州县,230,来宾市象州县
451323,武宣县,230,来宾市武宣县
451324,金秀瑶族自治县,230,来宾市金秀瑶族自治县
451381,合山市,230,来宾市合山市
451402,江州区,231,崇左市江州区
451421,扶绥县,231,崇左市扶绥县
451422,宁明县,231,崇左市宁明县
451423,龙州县,231,崇左市龙州县
451424,大新县,231,崇左市大新县
451425,天等县,231,崇左市天等县
451481,凭祥市,231,崇左市凭祥市
460105,秀英区,232,海口市秀英区
460106,龙华区,232,海口市龙华区
460107,琼山区,232,海口市琼山区
460108,美兰区,232,海口市美兰区
460202,海棠区,233,三亚市海棠区
460203,吉阳区,233,三亚市吉阳区
460204,天涯区,233,三亚市天涯区
460205,崖州区,233,三亚市崖州区
469001,五指山市,234,五指山市
469002,琼海市,234,琼海市
469005,文昌市,234,文昌市
469006,万宁市,234,万宁市
469007,东方市,234,东方市
469021,定安县,234,定安县
469022,屯昌县,234,屯昌县
469023,澄迈县,234,澄迈县
469024,临高县,234,临高县
469025,白沙黎族自治县,234,白沙黎族自治县
469026,昌江黎族自治县,234,昌江黎族自治县
469027,乐东黎族自治县,234,乐东黎族自治县
469028,陵水黎族自治县,234,陵水黎族自治县
469029,保亭黎族苗族自治县,234,保亭黎族苗族自治县
469030,琼中黎族苗族自治县,234,琼中黎族苗族自治县
500101,万州区,235,重庆市万州区
500102,涪陵区,235,重庆市涪陵区
500103,渝中区,235,重庆市渝中区
500104,大渡口区,235,重庆市大渡口区
500105,江北区,235,重庆市江北区
500106,沙坪坝区,235,重庆市沙坪坝区
500107,九龙坡区,235,重庆市九龙坡区
500108,南岸区,235,重庆市南岸区
500109,北碚区,235,重庆市北碚区
500110,綦江区,235,重庆市綦江区
500111,大足区,235,重庆市大足区
500112,渝北区,235,重庆市渝北区
500113,巴南区,235,重庆市巴南区
500114,黔江区,235,重庆市黔江区
500115,长寿区,235,重庆市长寿区
500116,江津区,235,重庆市江津区
500117,合川区,235,重庆市合川区
500118,永川区,235,重庆市永川区
500119,南川区,235,重庆市南川区
500120,璧山区,235,重庆市璧山区
500151,铜梁区,235,重庆市铜梁区
500228,梁平县,345,重庆市梁平县
500229,城口县,345,重庆市城口县
500230,丰都县,345,重庆市丰都县
500231,垫江县,345,重庆市垫江县
500232,武隆县,345,重庆市武隆县
500233,忠县,345,重庆市忠县
500235,云阳县,345,重庆市云阳县
500236,奉节县,345,重庆市奉节县
500237,巫山县,345,重庆市巫山县
500238,巫溪县,345,重庆市巫溪县
500240,石柱土家族自治县,345,重庆市石柱土家族自治县
500241,秀山土家族苗族自治县,345,重庆市秀山土家族苗族自治县
500242,酉阳土家族苗族自治县,345,重庆市酉阳土家族苗族自治县
500243,彭水苗族土家族自治县,345,重庆市彭水苗族土家族自治县
510104,锦江区,236,成都市锦江区
510105,青羊区,236,成都市青羊区
510106,金牛区,236,成都市金牛区
510107,武侯区,236,成都市武侯区
510108,成华区,236,成都市成华区
510112,龙泉驿区,236,成都市龙泉驿区
510113,青白江区,236,成都市青白江区
510114,新都区,236,成都市新都区
510115,温江区,236,成都市温江区
510121,金堂县,236,成都市金堂县
510124,郫县,236,成都市郫县
510129,大邑县,236,成都市大邑县
510131,蒲江县,236,成都市蒲江县
510132,新津县,236,成都市新津县
510181,都江堰市,236,成都市都江堰市
510182,彭州市,236,成都市彭州市
510183,邛崃市,236,成都市邛崃市
510184,崇州市,236,成都市崇州市
510302,自流井区,237,自贡市自流井区
510303,贡井区,237,自贡市贡井区
510304,大安区,237,自贡市大安区
510311,沿滩区,237,自贡市沿滩区
510321,荣县,237,自贡市荣县
510322,富顺县,237,自贡市富顺县
510402,东区,238,攀枝花市东区
510403,西区,238,攀枝花市西区
510411,仁和区,238,攀枝花市仁和区
510421,米易县,238,攀枝花市米易县
510422,盐边县,238,攀枝花市盐边县
510502,江阳区,239,泸州市江阳区
510503,纳溪区,239,泸州市纳溪区
510504,龙马潭区,239,泸州市龙马潭区
510521,泸县,239,泸州市泸县
510522,合江县,239,泸州市合江县
510524,叙永县,239,泸州市叙永县
510525,古蔺县,239,泸州市古蔺县
510603,旌阳区,240,德阳市旌阳区
510623,中江县,240,德阳市中江县
510626,罗江县,240,德阳市罗江县
510681,广汉市,240,德阳市广汉市
510682,什邡市,240,德阳市什邡市
510683,绵竹市,240,德阳市绵竹市
510703,涪城区,241,绵阳市涪城区
510704,游仙区,241,绵阳市游仙区
510722,三台县,241,绵阳市三台县
510723,盐亭县,241,绵阳市盐亭县
510725,梓潼县,241,绵阳市梓潼县
510726,北川羌族自治县,241,绵阳市北川羌族自治县
510727,平武县,241,绵阳市平武县
510781,江油市,241,绵阳市江油市
510802,利州区,242,广元市利州区
510811,昭化区,242,广元市昭化区
510812,朝天区,242,广元市朝天区
510821,旺苍县,242,广元市旺苍县
510822,青川县,242,广元市青川县
510823,剑阁县,242,广元市剑阁县
510824,苍溪县,242,广元市苍溪县
510903,船山区,243,遂宁市船山区
510904,安居区,243,遂宁市安居区
510921,蓬溪县,243,遂宁市蓬溪县
510922,射洪县,243,遂宁市射洪县
510923,大英县,243,遂宁市大英县
511002,市中区,244,内江市市中区
511011,东兴区,244,内江市东兴区
511024,威远县,244,内江市威远县
511025,资中县,244,内江市资中县
511028,隆昌县,244,内江市隆昌县
511102,市中区,245,乐山市市中区
511111,沙湾区,245,乐山市沙湾区
511112,五通桥区,245,乐山市五通桥区
511113,金口河区,245,乐山市金口河区
511123,犍为县,245,乐山市犍为县
511124,井研县,245,乐山市井研县
511126,夹江县,245,乐山市夹江县
511129,沐川县,245,乐山市沐川县
511132,峨边彝族自治县,245,乐山市峨边彝族自治县
511133,马边彝族自治县,245,乐山市马边彝族自治县
511181,峨眉山市,245,乐山市峨眉山市
511302,顺庆区,246,南充市顺庆区
511303,高坪区,246,南充市高坪区
511304,嘉陵区,246,南充市嘉陵区
511321,南部县,246,南充市南部县
511322,营山县,246,南充市营山县
511323,蓬安县,246,南充市蓬安县
511324,仪陇县,246,南充市仪陇县
511325,西充县,246,南充市西充县
511381,阆中市,246,南充市阆中市
511402,东坡区,247,眉山市东坡区
511421,仁寿县,247,眉山市仁寿县
511423,洪雅县,247,眉山市洪雅县
511424,丹棱县,247,眉山市丹棱县
511425,青神县,247,眉山市青神县
511502,翠屏区,248,宜宾市翠屏区
511503,南溪区,248,宜宾市南溪区
511521,宜宾县,248,宜宾市宜宾县
511523,江安县,248,宜宾市江安县
511524,长宁县,248,宜宾市长宁县
511525,高县,248,宜宾市高县
511526,珙县,248,宜宾市珙县
511527,筠连县,248,宜宾市筠连县
511528,兴文县,248,宜宾市兴文县
511529,屏山县,248,宜宾市屏山县
511602,广安区,249,广安市广安区
511603,前锋区,249,广安市前锋区
511621,岳池县,249,广安市岳池县
511622,武胜县,249,广安市武胜县
511623,邻水县,249,广安市邻水县
511681,华蓥市,249,广安市华蓥市
511702,通川区,250,达州市通川区
511703,达川区,250,达州市达川区
511722,宣汉县,250,达州市宣汉县
511723,开江县,250,达州市开江县
511724,大竹县,250,达州市大竹县
511725,渠县,250,达州市渠县
511781,万源市,250,达州市万源市
511802,雨城区,251,雅安市雨城区
511803,名山区,251,雅安市名山区
511822,荥经县,251,雅安市荥经县
511823,汉源县,251,雅安市汉源县
511824,石棉县,251,雅安市石棉县
511825,天全县,251,雅安市天全县
511826,芦山县,251,雅安市芦山县
511827,宝兴县,251,雅安市宝兴县
511902,巴州区,252,巴中市巴州区
511903,恩阳区,252,巴中市恩阳区
511921,通江县,252,巴中市通江县
511922,南江县,252,巴中市南江县
511923,平昌县,252,巴中市平昌县
512002,雁江区,253,资阳市雁江区
512021,安岳县,253,资阳市安岳县
512022,乐至县,253,资阳市乐至县
513221,汶川县,254,阿坝藏族羌族自治州汶川县
513222,理县,254,阿坝藏族羌族自治州理县
513223,茂县,254,阿坝藏族羌族自治州茂县
513224,松潘县,254,阿坝藏族羌族自治州松潘县
513225,九寨沟县,254,阿坝藏族羌族自治州九寨沟县
513226,金川县,254,阿坝藏族羌族自治州金川县
513227,小金县,254,阿坝藏族羌族自治州小金县
513228,黑水县,254,阿坝藏族羌族自治州黑水县
513230,壤塘县,254,阿坝藏族羌族自治州壤塘县
513231,阿坝县,254,阿坝藏族羌族自治州阿坝县
513232,若尔盖县,254,阿坝藏族羌族自治州若尔盖县
513233,红原县,254,阿坝藏族羌族自治州红原县
513322,泸定县,255,甘孜藏族自治州泸定县
513323,丹巴县,255,甘孜藏族自治州丹巴县
513324,九龙县,255,甘孜藏族自治州九龙县
513325,雅江县,255,甘孜藏族自治州雅江县
513326,道孚县,255,甘孜藏族自治州道孚县
513327,炉霍县,255,甘孜藏族自治州炉霍县
513328,甘孜县,255,甘孜藏族自治州甘孜县
513329,新龙县,255,甘孜藏族自治州新龙县
513330,德格县,255,甘孜藏族自治州德格县
513331,白玉县,255,甘孜藏族自治州白玉县
513332,石渠县,255,甘孜藏族自治州石渠县
513333,色达县,255,甘孜藏族自治州色达县
513334,理塘县,255,甘孜藏族自治州理塘县
513335,巴塘县,255,甘孜藏族自治州巴塘县
513336,乡城县,255,甘孜藏族自治州乡城县
513337,稻城县,255,甘孜藏族自治州稻城县
513338,得荣县,255,甘孜藏族自治州得荣县
513401,西昌市,256,凉山彝族自治州西昌市
513422,木里藏族自治县,256,凉山彝族自治州木里藏族自治县
513423,盐源县,256,凉山彝族自治州盐源县
513424,德昌县,256,凉山彝族自治州德昌县
513425,会理县,256,凉山彝族自治州会理县
513426,会东县,256,凉山彝族自治州会东县
513427,宁南县,256,凉山彝族自治州宁南县
513428,普格县,256,凉山彝族自治州普格县
513429,布拖县,256,凉山彝族自治州布拖县
513430,金阳县,256,凉山彝族自治州金阳县
513431,昭觉县,256,凉山彝族自治州昭觉县
513432,喜德县,256,凉山彝族自治州喜德县
513433,冕宁县,256,凉山彝族自治州冕宁县
513434,越西县,256,凉山彝族自治州越西县
513435,甘洛县,256,凉山彝族自治州甘洛县
513436,美姑县,256,凉山彝族自治州美姑县
513437,雷波县,256,凉山彝族自治州雷波县
520102,南明区,257,贵阳市南明区
520103,云岩区,257,贵阳市云岩区
520111,花溪区,257,贵阳市花溪区
520112,乌当区,257,贵阳市乌当区
520113,白云区,257,贵阳市白云区
520115,观山湖区,257,贵阳市观山湖区
520121,开阳县,257,贵阳市开阳县
520122,息烽县,257,贵阳市息烽县
520123,修文县,257,贵阳市修文县
520181,清镇市,257,贵阳市清镇市
520201,钟山区,258,六盘水市钟山区
520203,六枝特区,258,六盘水市六枝特区
520221,水城县,258,六盘水市水城县
520222,盘县,258,六盘水市盘县
520302,红花岗区,259,遵义市红花岗区
520303,汇川区,259,遵义市汇川区
520321,遵义县,259,遵义市遵义县
520322,桐梓县,259,遵义市桐梓县
520323,绥阳县,259,遵义市绥阳县
520324,正安县,259,遵义市正安县
520325,道真仡佬族苗族自治县,259,遵义市道真仡佬族苗族自治县
520326,务川仡佬族苗族自治县,259,遵义市务川仡佬族苗族自治县
520327,凤冈县,259,遵义市凤冈县
520328,湄潭县,259,遵义市湄潭县
520329,余庆县,259,遵义市余庆县
520330,习水县,259,遵义市习水县
520381,赤水市,259,遵义市赤水市
520382,仁怀市,259,遵义市仁怀市
520402,西秀区,260,安顺市西秀区
520422,普定县,260,安顺市普定县
520423,镇宁布依族苗族自治县,260,安顺市镇宁布依族苗族自治县
520424,关岭布依族苗族自治县,260,安顺市关岭布依族苗族自治县
520425,紫云苗族布依族自治县,260,安顺市紫云苗族布依族自治县
522301,兴义市,262,黔西南布依族苗族自治州兴义市
522322,兴仁县,262,黔西南布依族苗族自治州兴仁县
522323,普安县,262,黔西南布依族苗族自治州普安县
522324,晴隆县,262,黔西南布依族苗族自治州晴隆县
522325,贞丰县,262,黔西南布依族苗族自治州贞丰县
522326,望谟县,262,黔西南布依族苗族自治州望谟县
522327,册亨县,262,黔西南布依族苗族自治州册亨县
522328,安龙县,262,黔西南布依族苗族自治州安龙县
522601,凯里市,264,黔东南苗族侗族自治州凯里市
522622,黄平县,264,黔东南苗族侗族自治州黄平县
522623,施秉县,264,黔东南苗族侗族自治州施秉县
522624,三穗县,264,黔东南苗族侗族自治州三穗县
522625,镇远县,264,黔东南苗族侗族自治州镇远县
522626,岑巩县,264,黔东南苗族侗族自治州岑巩县
522627,天柱县,264,黔东南苗族侗族自治州天柱县
522628,锦屏县,264,黔东南苗族侗族自治州锦屏县
522629,剑河县,264,黔东南苗族侗族自治州剑河县
522630,台江县,264,黔东南苗族侗族自治州台江县
522631,黎平县,264,黔东南苗族侗族自治州黎平县
522632,榕江县,264,黔东南苗族侗族自治州榕江县
522633,从江县,264,黔东南苗族侗族自治州从江县
522634,雷山县,264,黔东南苗族侗族自治州雷山县
522635,麻江县,264,黔东南苗族侗族自治州麻江县
522636,丹寨县,264,黔东南苗族侗族自治州丹寨县
522701,都匀市,265,黔南布依族苗族自治州都匀市
522702,福泉市,265,黔南布依族苗族自治州福泉市
522722,荔波县,265,黔南布依族苗族自治州荔波县
522723,贵定县,265,黔南布依族苗族自治州贵定县
522725,瓮安县,265,黔南布依族苗族自治州瓮安县
522726,独山县,265,黔南布依族苗族自治州独山县
522727,平塘县,265,黔南布依族苗族自治州平塘县
522728,罗甸县,265,黔南布依族苗族自治州罗甸县
522729,长顺县,265,黔南布依族苗族自治州长顺县
522730,龙里县,265,黔南布依族苗族自治州龙里县
522731,惠水县,265,黔南布依族苗族自治州惠水县
522732,三都水族自治县,265,黔南布依族苗族自治州三都水族自治县
530102,五华区,266,昆明市五华区
530103,盘龙区,266,昆明市盘龙区
530111,官渡区,266,昆明市官渡区
530112,西山区,266,昆明市西山区
530113,东川区,266,昆明市东川区
530114,呈贡区,266,昆明市呈贡区
530122,晋宁县,266,昆明市晋宁县
530124,富民县,266,昆明市富民县
530125,宜良县,266,昆明市宜良县
530126,石林彝族自治县,266,昆明市石林彝族自治县
530127,嵩明县,266,昆明市嵩明县
530128,禄劝彝族苗族自治县,266,昆明市禄劝彝族苗族自治县
530129,寻甸回族彝族自治县,266,昆明市寻甸回族彝族自治县
530181,安宁市,266,昆明市安宁市
530302,麒麟区,267,曲靖市麒麟区
530321,马龙县,267,曲靖市马龙县
530322,陆良县,267,曲靖市陆良县
530323,师宗县,267,曲靖市师宗县
530324,罗平县,267,曲靖市罗平县
530325,富源县,267,曲靖市富源县
530326,会泽县,267,曲靖市会泽县
530381,宣威市,267,曲靖市宣威市
530402,红塔区,268,玉溪市红塔区
530422,澄江县,268,玉溪市澄江县
530423,通海县,268,玉溪市通海县
530424,华宁县,268,玉溪市华宁县
530425,易门县,268,玉溪市易门县
530426,峨山彝族自治县,268,玉溪市峨山彝族自治县
530427,新平彝族傣族自治县,268,玉溪市新平彝族傣族自治县
530428,元江哈尼族彝族傣族自治县,268,玉溪市元江哈尼族彝族傣族自治县
530502,隆阳区,269,保山市隆阳区
530521,施甸县,269,保山市施甸县
530523,龙陵县,269,保山市龙陵县
530524,昌宁县,269,保山市昌宁县
530602,昭阳区,270,昭通市昭阳区
530621,鲁甸县,270,昭通市鲁甸县
530622,巧家县,270,昭通市巧家县
530623,盐津县,270,昭通市盐津县
530624,大关县,270,昭通市大关县
530625,永善县,270,昭通市永善县
530626,绥江县,270,昭通市绥江县
530627,镇雄县,270,昭通市镇雄县
530628,彝良县,270,昭通市彝良县
530629,威信县,270,昭通市威信县
530630,水富县,270,昭通市水富县
530702,古城区,271,丽江市古城区
530721,玉龙纳西族自治县,271,丽江市玉龙纳西族自治县
530722,永胜县,271,丽江市永胜县
530723,华坪县,271,丽江市华坪县
530724,宁蒗彝族自治县,271,丽江市宁蒗彝族自治县
530802,思茅区,272,普洱市思茅区
530821,宁洱哈尼族彝族自治县,272,普洱市宁洱哈尼族彝族自治县
530822,墨江哈尼族自治县,272,普洱市墨江哈尼族自治县
530823,景东彝族自治县,272,普洱市景东彝族自治县
530824,景谷傣族彝族自治县,272,普洱市景谷傣族彝族自治县
530825,镇沅彝族哈尼族拉祜族自治县,272,普洱市镇沅彝族哈尼族拉祜族自治县
530826,江城哈尼族彝族自治县,272,普洱市江城哈尼族彝族自治县
530827,孟连傣族拉祜族佤族自治县,272,普洱市孟连傣族拉祜族佤族自治县
530828,澜沧拉祜族自治县,272,普洱市澜沧拉祜族自治县
530829,西盟佤族自治县,272,普洱市西盟佤族自治县
530902,临翔区,273,临沧市临翔区
530921,凤庆县,273,临沧市凤庆县
530922,云县,273,临沧市云县
530923,永德县,273,临沧市永德县
530924,镇康县,273,临沧市镇康县
530925,双江拉祜族佤族布朗族傣族自治县,273,临沧市双江拉祜族佤族布朗族傣族自治县
530926,耿马傣族佤族自治县,273,临沧市耿马傣族佤族自治县
530927,沧源佤族自治县,273,临沧市沧源佤族自治县
532301,楚雄市,274,楚雄彝族自治州楚雄市
532322,双柏县,274,楚雄彝族自治州双柏县
532323,牟定县,274,楚雄彝族自治州牟定县
532324,南华县,274,楚雄彝族自治州南华县
532325,姚安县,274,楚雄彝族自治州姚安县
532326,大姚县,274,楚雄彝族自治州大姚县
532327,永仁县,274,楚雄彝族自治州永仁县
532328,元谋县,274,楚雄彝族自治州元谋县
532329,武定县,274,楚雄彝族自治州武定县
532331,禄丰县,274,楚雄彝族自治州禄丰县
532501,个旧市,275,红河哈尼族彝族自治州个旧市
532502,开远市,275,红河哈尼族彝族自治州开远市
532503,蒙自市,275,红河哈尼族彝族自治州蒙自市
532504,弥勒市,275,红河哈尼族彝族自治州弥勒市
532523,屏边苗族自治县,275,红河哈尼族彝族自治州屏边苗族自治县
532524,建水县,275,红河哈尼族彝族自治州建水县
532525,石屏县,275,红河哈尼族彝族自治州石屏县
532527,泸西县,275,红河哈尼族彝族自治州泸西县
532528,元阳县,275,红河哈尼族彝族自治州元阳县
532529,红河县,275,红河哈尼族彝族自治州红河县
532530,金平苗族瑶族傣族自治县,275,红河哈尼族彝族自治州金平苗族瑶族傣族自治县
532531,绿春县,275,红河哈尼族彝族自治州绿春县
532532,河口瑶族自治县,275,红河哈尼族彝族自治州河口瑶族自治县
532601,文山市,276,文山壮族苗族自治州文山市
532622,砚山县,276,文山壮族苗族自治州砚山县
532623,西畴县,276,文山壮族苗族自治州西畴县
532624,麻栗坡县,276,文山壮族苗族自治州麻栗坡县
532625,马关县,276,文山壮族苗族自治州马关县
532626,丘北县,276,文山壮族苗族自治州丘北县
532627,广南县,276,文山壮族苗族自治州广南县
532628,富宁县,276,文山壮族苗族自治州富宁县
532801,景洪市,277,西双版纳傣族自治州景洪市
532822,勐海县,277,西双版纳傣族自治州勐海县
532823,勐腊县,277,西双版纳傣族自治州勐腊县
532901,大理市,278,大理白族自治州大理市
532922,漾濞彝族自治县,278,大理白族自治州漾濞彝族自治县
532923,祥云县,278,大理白族自治州祥云县
532924,宾川县,278,大理白族自治州宾川县
532925,弥渡县,278,大理白族自治州弥渡县
532926,南涧彝族自治县,278,大理白族自治州南涧彝族自治县
532927,巍山彝族回族自治县,278,大理白族自治州巍山彝族回族自治县
532928,永平县,278,大理白族自治州永平县
532929,云龙县,278,大理白族自治州云龙县
532930,洱源县,278,大理白族自治州洱源县
532931,剑川县,278,大理白族自治州剑川县
532932,鹤庆县,278,大理白族自治州鹤庆县
533102,瑞丽市,279,德宏傣族景颇族自治州瑞丽市
533103,芒市,279,德宏傣族景颇族自治州芒市
533122,梁河县,279,德宏傣族景颇族自治州梁河县
533123,盈江县,279,德宏傣族景颇族自治州盈江县
533124,陇川县,279,德宏傣族景颇族自治州陇川县
533323,福贡县,280,福贡县
533324,贡山独龙族怒族自治县,280,贡山独龙族怒族自治县
533325,兰坪白族普米族自治县,280,兰坪白族普米族自治县
533422,德钦县,281,迪庆藏族自治州德钦县
533423,维西傈僳族自治县,281,迪庆藏族自治州维西傈僳族自治县
540102,城关区,282,拉萨市城关区
540121,林周县,282,拉萨市林周县
540122,当雄县,282,拉萨市当雄县
540123,尼木县,282,拉萨市尼木县
540124,曲水县,282,拉萨市曲水县
540126,达孜县,282,拉萨市达孜县
540127,墨竹工卡县,282,拉萨市墨竹工卡县
542421,那曲县,286,那曲地区那曲县
542422,嘉黎县,286,那曲地区嘉黎县
542423,比如县,286,那曲地区比如县
542424,聂荣县,286,那曲地区聂荣县
542425,安多县,286,那曲地区安多县
542426,申扎县,286,那曲地区申扎县
542427,索县,286,那曲地区索县
542428,班戈县,286,那曲地区班戈县
542429,巴青县,286,那曲地区巴青县
542430,尼玛县,286,那曲地区尼玛县
542431,双湖县,286,那曲地区双湖县
542521,普兰县,287,阿里地区普兰县
542522,札达县,287,阿里地区札达县
542523,噶尔县,287,阿里地区噶尔县
542524,日土县,287,阿里地区日土县
542525,革吉县,287,阿里地区革吉县
542526,改则县,287,阿里地区改则县
542527,措勤县,287,阿里地区措勤县
610102,新城区,289,西安市新城区
610103,碑林区,289,西安市碑林区
610104,莲湖区,289,西安市莲湖区
610111,灞桥区,289,西安市灞桥区
610112,未央区,289,西安市未央区
610113,雁塔区,289,西安市雁塔区
610114,阎良区,289,西安市阎良区
610115,临潼区,289,西安市临潼区
610116,长安区,289,西安市长安区
610122,蓝田县,289,西安市蓝田县
610124,周至县,289,西安市周至县
610125,户县,289,西安市户县
610202,王益区,290,铜川市王益区
610203,印台区,290,铜川市印台区
610204,耀州区,290,铜川市耀州区
610222,宜君县,290,铜川市宜君县
610302,渭滨区,291,宝鸡市渭滨区
610303,金台区,291,宝鸡市金台区
610304,陈仓区,291,宝鸡市陈仓区
610322,凤翔县,291,宝鸡市凤翔县
610323,岐山县,291,宝鸡市岐山县
610324,扶风县,291,宝鸡市扶风县
610326,眉县,291,宝鸡市眉县
610327,陇县,291,宝鸡市陇县
610328,千阳县,291,宝鸡市千阳县
610329,麟游县,291,宝鸡市麟游县
610330,凤县,291,宝鸡市凤县
610331,太白县,291,宝鸡市太白县
610402,秦都区,292,咸阳市秦都区
610403,杨陵区,292,咸阳市杨陵区
610404,渭城区,292,咸阳市渭城区
610422,三原县,292,咸阳市三原县
610423,泾阳县,292,咸阳市泾阳县
610424,乾县,292,咸阳市乾县
610425,礼泉县,292,咸阳市礼泉县
610426,永寿县,292,咸阳市永寿县
610427,彬县,292,咸阳市彬县
610428,长武县,292,咸阳市长武县
610429,旬邑县,292,咸阳市旬邑县
610430,淳化县,292,咸阳市淳化县
610431,武功县,292,咸阳市武功县
610481,兴平市,292,咸阳市兴平市
610502,临渭区,293,渭南市临渭区
610522,潼关县,293,渭南市潼关县
610523,大荔县,293,渭南市大荔县
610524,合阳县,293,渭南市合阳县
610525,澄城县,293,渭南市澄城县
610526,蒲城县,293,渭南市蒲城县
610527,白水县,293,渭南市白水县
610528,富平县,293,渭南市富平县
610581,韩城市,293,渭南市韩城市
610582,华阴市,293,渭南市华阴市
610602,宝塔区,294,延安市宝塔区
610621,延长县,294,延安市延长县
610622,延川县,294,延安市延川县
610623,子长县,294,延安市子长县
610624,安塞县,294,延安市安塞县
610625,志丹县,294,延安市志丹县
610626,吴起县,294,延安市吴起县
610627,甘泉县,294,延安市甘泉县
610628,富县,294,延安市富县
610629,洛川县,294,延安市洛川县
610630,宜川县,294,延安市宜川县
610631,黄龙县,294,延安市黄龙县
610632,黄陵县,294,延安市黄陵县
610702,汉台区,295,汉中市汉台区
610721,南郑县,295,汉中市南郑县
610722,城固县,295,汉中市城固县
610723,洋县,295,汉中市洋县
610724,西乡县,295,汉中市西乡县
610725,勉县,295,汉中市勉县
610726,宁强县,295,汉中市宁强县
610727,略阳县,295,汉中市略阳县
610728,镇巴县,295,汉中市镇巴县
610729,留坝县,295,汉中市留坝县
610730,佛坪县,295,汉中市佛坪县
610802,榆阳区,296,榆林市榆阳区
610821,神木县,296,榆林市神木县
610822,府谷县,296,榆林市府谷县
610824,靖边县,296,榆林市靖边县
610825,定边县,296,榆林市定边县
610826,绥德县,296,榆林市绥德县
610827,米脂县,296,榆林市米脂县
610828,佳县,296,榆林市佳县
610829,吴堡县,296,榆林市吴堡县
610830,清涧县,296,榆林市清涧县
610831,子洲县,296,榆林市子洲县
610902,汉滨区,297,安康市汉滨区
610921,汉阴县,297,安康市汉阴县
610922,石泉县,297,安康市石泉县
610923,宁陕县,297,安康市宁陕县
610924,紫阳县,297,安康市紫阳县
610925,岚皋县,297,安康市岚皋县
610926,平利县,297,安康市平利县
610927,镇坪县,297,安康市镇坪县
610928,旬阳县,297,安康市旬阳县
610929,白河县,297,安康市白河县
611002,商州区,298,商洛市商州区
611021,洛南县,298,商洛市洛南县
611022,丹凤县,298,商洛市丹凤县
611023,商南县,298,商洛市商南县
611024,山阳县,298,商洛市山阳县
611025,镇安县,298,商洛市镇安县
611026,柞水县,298,商洛市柞水县
620102,城关区,299,兰州市城关区
620103,七里河区,299,兰州市七里河区
620104,西固区,299,兰州市西固区
620105,安宁区,299,兰州市安宁区
620111,红古区,299,兰州市红古区
620121,永登县,299,兰州市永登县
620122,皋兰县,299,兰州市皋兰县
620123,榆中县,299,兰州市榆中县
620201,嘉峪关市,300,嘉峪关市
620302,金川区,301,金昌市金川区
620321,永昌县,301,金昌市永昌县
620402,白银区,302,白银市白银区
620403,平川区,302,白银市平川区
620421,靖远县,302,白银市靖远县
620422,会宁县,302,白银市会宁县
620423,景泰县,302,白银市景泰县
620502,秦州区,303,天水市秦州区
620503,麦积区,303,天水市麦积区
620521,清水县,303,天水市清水县
620522,秦安县,303,天水市秦安县
620523,甘谷县,303,天水市甘谷县
620524,武山县,303,天水市武山县
620525,张家川回族自治县,303,天水市张家川回族自治县
620602,凉州区,304,武威市凉州区
620621,民勤县,304,武威市民勤县
620622,古浪县,304,武威市古浪县
620623,天祝藏族自治县,304,武威市天祝藏族自治县
620702,甘州区,305,张掖市甘州区
620721,肃南裕固族自治县,305,张掖市肃南裕固族自治县
620722,民乐县,305,张掖市民乐县
620723,临泽县,305,张掖市临泽县
620724,高台县,305,张掖市高台县
620725,山丹县,305,张掖市山丹县
620802,崆峒区,306,平凉市崆峒区
620821,泾川县,306,平凉市泾川县
620822,灵台县,306,平凉市灵台县
620823,崇信县,306,平凉市崇信县
620824,华亭县,306,平凉市华亭县
620825,庄浪县,306,平凉市庄浪县
620826,静宁县,306,平凉市静宁县
620902,肃州区,307,酒泉市肃州区
620921,金塔县,307,酒泉市金塔县
620922,瓜州县,307,酒泉市瓜州县
620923,肃北蒙古族自治县,307,酒泉市肃北蒙古族自治县
620924,阿克塞哈萨克族自治县,307,酒泉市阿克塞哈萨克族自治县
620981,玉门市,307,酒泉市玉门市
620982,敦煌市,307,酒泉市敦煌市
621002,西峰区,308,庆阳市西峰区
621021,庆城县,308,庆阳市庆城县
621022,环县,308,庆阳市环县
621023,华池县,308,庆阳市华池县
621024,合水县,308,庆阳市合水县
621025,正宁县,308,庆阳市正宁县
621026,宁县,308,庆阳市宁县
621027,镇原县,308,庆阳市镇原县
621102,安定区,309,定西市安定区
621121,通渭县,309,定西市通渭县
621122,陇西县,309,定西市陇西县
621123,渭源县,309,定西市渭源县
621124,临洮县,309,定西市临洮县
621125,漳县,309,定西市漳县
621126,岷县,309,定西市岷县
621202,武都区,310,陇南市武都区
621221,成县,310,陇南市成县
621222,文县,310,陇南市文县
621223,宕昌县,310,陇南市宕昌县
621224,康县,310,陇南市康县
621225,西和县,310,陇南市西和县
621226,礼县,310,陇南市礼县
621227,徽县,310,陇南市徽县
621228,两当县,310,陇南市两当县
622901,临夏市,311,临夏回族自治州临夏市
622921,临夏县,311,临夏回族自治州临夏县
622922,康乐县,311,临夏回族自治州康乐县
622923,永靖县,311,临夏回族自治州永靖县
622924,广河县,311,临夏回族自治州广河县
622925,和政县,311,临夏回族自治州和政县
622926,东乡族自治县,311,临夏回族自治州东乡族自治县
622927,积石山保安族东乡族撒拉族自治县,311,临夏回族自治州积石山保安族东乡族撒拉族自治县
623001,合作市,312,甘南藏族自治州合作市
623021,临潭县,312,甘南藏族自治州临潭县
623022,卓尼县,312,甘南藏族自治州卓尼县
623023,舟曲县,312,甘南藏族自治州舟曲县
623024,迭部县,312,甘南藏族自治州迭部县
623025,玛曲县,312,甘南藏族自治州玛曲县
623026,碌曲县,312,甘南藏族自治州碌曲县
623027,夏河县,312,甘南藏族自治州夏河县
630102,城东区,313,西宁市城东区
630103,城中区,313,西宁市城中区
630104,城西区,313,西宁市城西区
630105,城北区,313,西宁市城北区
630121,大通回族土族自治县,313,西宁市大通回族土族自治县
630122,湟中县,313,西宁市湟中县
630123,湟源县,313,西宁市湟源县
632221,门源回族自治县,315,海北藏族自治州门源回族自治县
632222,祁连县,315,海北藏族自治州祁连县
632223,海晏县,315,海北藏族自治州海晏县
632224,刚察县,315,海北藏族自治州刚察县
632321,同仁县,316,黄南藏族自治州同仁县
632322,尖扎县,316,黄南藏族自治州尖扎县
632323,泽库县,316,黄南藏族自治州泽库县
632324,河南蒙古族自治县,316,黄南藏族自治州河南蒙古族自治县
632521,共和县,317,海南藏族自治州共和县
632522,同德县,317,海南藏族自治州同德县
632523,贵德县,317,海南藏族自治州贵德县
632524,兴海县,317,海南藏族自治州兴海县
632525,贵南县,317,海南藏族自治州贵南县
632621,玛沁县,318,果洛藏族自治州玛沁县
632622,班玛县,318,果洛藏族自治州班玛县
632623,甘德县,318,果洛藏族自治州甘德县
632624,达日县,318,果洛藏族自治州达日县
632625,久治县,318,果洛藏族自治州久治县
632626,玛多县,318,果洛藏族自治州玛多县
632701,玉树市,319,玉树藏族自治州玉树市
632722,杂多县,319,玉树藏族自治州杂多县
632723,称多县,319,玉树藏族自治州称多县
632724,治多县,319,玉树藏族自治州治多县
632725,囊谦县,319,玉树藏族自治州囊谦县
632726,曲麻莱县,319,玉树藏族自治州曲麻莱县
632801,格尔木市,320,海西蒙古族藏族自治州格尔木市
632802,德令哈市,320,海西蒙古族藏族自治州德令哈市
632821,乌兰县,320,海西蒙古族藏族自治州乌兰县
632822,都兰县,320,海西蒙古族藏族自治州都兰县
632823,天峻县,320,海西蒙古族藏族自治州天峻县
640104,兴庆区,321,银川市兴庆区
640105,西夏区,321,银川市西夏区
640106,金凤区,321,银川市金凤区
640121,永宁县,321,银川市永宁县
640122,贺兰县,321,银川市贺兰县
640181,灵武市,321,银川市灵武市
640202,大武口区,322,石嘴山市大武口区
640205,惠农区,322,石嘴山市惠农区
640221,平罗县,322,石嘴山市平罗县
640302,利通区,323,吴忠市利通区
640303,红寺堡区,323,吴忠市红寺堡区
640323,盐池县,323,吴忠市盐池县
640324,同心县,323,吴忠市同心县
640381,青铜峡市,323,吴忠市青铜峡市
640402,原州区,324,固原市原州区
640422,西吉县,324,固原市西吉县
640423,隆德县,324,固原市隆德县
640424,泾源县,324,固原市泾源县
640425,彭阳县,324,固原市彭阳县
640502,沙坡头区,325,中卫市沙坡头区
640521,中宁县,325,中卫市中宁县
640522,海原县,325,中卫市海原县
650102,天山区,326,乌鲁木齐市天山区
650103,沙依巴克区,326,乌鲁木齐市沙依巴克区
650104,新市区,326,乌鲁木齐市新市区
650105,水磨沟区,326,乌鲁木齐市水磨沟区
650106,头屯河区,326,乌鲁木齐市头屯河区
650107,达坂城区,326,乌鲁木齐市达坂城区
650109,米东区,326,乌鲁木齐市米东区
650121,乌鲁木齐县,326,乌鲁木齐市乌鲁木齐县
650202,独山子区,327,克拉玛依市独山子区
650203,克拉玛依区,327,克拉玛依市克拉玛依区
650204,白碱滩区,327,克拉玛依市白碱滩区
650205,乌尔禾区,327,克拉玛依市乌尔禾区
652301,昌吉市,330,昌吉回族自治州昌吉市
652302,阜康市,330,昌吉回族自治州阜康市
652323,呼图壁县,330,昌吉回族自治州呼图壁县
652324,玛纳斯县,330,昌吉回族自治州玛纳斯县
652325,奇台县,330,昌吉回族自治州奇台县
652327,吉木萨尔县,330,昌吉回族自治州吉木萨尔县
652328,木垒哈萨克自治县,330,昌吉回族自治州木垒哈萨克自治县
652701,博乐市,331,博尔塔拉蒙古自治州博乐市
652702,阿拉山口市,331,博尔塔拉蒙古自治州阿拉山口市
652722,精河县,331,博尔塔拉蒙古自治州精河县
652723,温泉县,331,博尔塔拉蒙古自治州温泉县
652801,库尔勒市,332,巴音郭楞蒙古自治州库尔勒市
652822,轮台县,332,巴音郭楞蒙古自治州轮台县
652823,尉犁县,332,巴音郭楞蒙古自治州尉犁县
652824,若羌县,332,巴音郭楞蒙古自治州若羌县
652825,且末县,332,巴音郭楞蒙古自治州且末县
652826,焉耆回族自治县,332,巴音郭楞蒙古自治州焉耆回族自治县
652827,和静县,332,巴音郭楞蒙古自治州和静县
652828,和硕县,332,巴音郭楞蒙古自治州和硕县
652829,博湖县,332,巴音郭楞蒙古自治州博湖县
652901,阿克苏市,333,阿克苏地区阿克苏市
652922,温宿县,333,阿克苏地区温宿县
652923,库车县,333,阿克苏地区库车县
652924,沙雅县,333,阿克苏地区沙雅县
652925,新和县,333,阿克苏地区新和县
652926,拜城县,333,阿克苏地区拜城县
652927,乌什县,333,阿克苏地区乌什县
652928,阿瓦提县,333,阿克苏地区阿瓦提县
652929,柯坪县,333,阿克苏地区柯坪县
653001,阿图什市,334,克孜勒苏柯尔克孜自治州阿图什市
653022,阿克陶县,334,克孜勒苏柯尔克孜自治州阿克陶县
653023,阿合奇县,334,克孜勒苏柯尔克孜自治州阿合奇县
653024,乌恰县,334,克孜勒苏柯尔克孜自治州乌恰县
653101,喀什市,335,喀什地区喀什市
653121,疏附县,335,喀什地区疏附县
653122,疏勒县,335,喀什地区疏勒县
653123,英吉沙县,335,喀什地区英吉沙县
653124,泽普县,335,喀什地区泽普县
653125,莎车县,335,喀什地区莎车县
653126,叶城县,335,喀什地区叶城县
653127,麦盖提县,335,喀什地区麦盖提县
653128,岳普湖县,335,喀什地区岳普湖县
653129,伽师县,335,喀什地区伽师县
653130,巴楚县,335,喀什地区巴楚县
653131,塔什库尔干塔吉克自治县,335,喀什地区塔什库尔干塔吉克自治县
653201,和田市,336,和田地区和田市
653221,和田县,336,和田地区和田县
653222,墨玉县,336,和田地区墨玉县
653223,皮山县,336,和田地区皮山县
653224,洛浦县,336,和田地区洛浦县
653225,策勒县,336,和田地区策勒县
653226,于田县,336,和田地区于田县
653227,民丰县,336,和田地区民丰县
654002,伊宁市,337,伊犁哈萨克自治州伊宁市
654003,奎屯市,337,伊犁哈萨克自治州奎屯市
654021,伊宁县,337,伊犁哈萨克自治州伊宁县
654022,察布查尔锡伯自治县,337,伊犁哈萨克自治州察布查尔锡伯自治县
654023,霍城县,337,伊犁哈萨克自治州霍城县
654024,巩留县,337,伊犁哈萨克自治州巩留县
654025,新源县,337,伊犁哈萨克自治州新源县
654026,昭苏县,337,伊犁哈萨克自治州昭苏县
654027,特克斯县,337,伊犁哈萨克自治州特克斯县
654028,尼勒克县,337,伊犁哈萨克自治州尼勒克县
654201,塔城市,338,塔城地区塔城市
654202,乌苏市,338,塔城地区乌苏市
654221,额敏县,338,塔城地区额敏县
654223,沙湾县,338,塔城地区沙湾县
654224,托里县,338,塔城地区托里县
654225,裕民县,338,塔城地区裕民县
654226,和布克赛尔蒙古自治县,338,塔城地区和布克赛尔蒙古自治县
654301,阿勒泰市,339,阿勒泰地区阿勒泰市
654321,布尔津县,339,阿勒泰地区布尔津县
654322,富蕴县,339,阿勒泰地区富蕴县
654323,福海县,339,阿勒泰地区福海县
654324,哈巴河县,339,阿勒泰地区哈巴河县
654325,青河县,339,阿勒泰地区青河县
654326,吉木乃县,339,阿勒泰地区吉木乃县
659001,石河子市,340,石河子市
659002,阿拉尔市,340,阿拉尔市
659003,图木舒克市,340,图木舒克市
441900,东莞市,213,东莞市
442000,中山市,214,中山市
520502,七星关区,347,毕节市七星关区
520521,大方县,347,毕节市大方县
520522,黔西县,347,毕节市黔西县
520523,金沙县,347,毕节市金沙县
520524,织金县,347,毕节市织金县
520525,纳雍县,347,毕节市纳雍县
520526,威宁彝族回族苗族自治县,347,毕节市威宁彝族回族苗族自治县
520527,赫章县,347,毕节市赫章县
520602,碧江区,346,铜仁市碧江区
520603,万山区,346,铜仁市万山区
520621,江口县,346,铜仁市江口县
520622,玉屏侗族自治县,346,铜仁市玉屏侗族自治县
520623,石阡县,346,铜仁市石阡县
520624,思南县,346,铜仁市思南县
520625,印江土家族苗族自治县,346,铜仁市印江土家族苗族自治县
520626,德江县,346,铜仁市德江县
520627,沿河土家族自治县,346,铜仁市沿河土家族自治县
520628,松桃苗族自治县,346,铜仁市松桃苗族自治县
540202,桑珠孜区,348,日喀则市桑珠孜区
540221,南木林县,348,日喀则市南木林县
540222,江孜县,348,日喀则市江孜县
540223,定日县,348,日喀则市定日县
540224,萨迦县,348,日喀则市萨迦县
540225,拉孜县,348,日喀则市拉孜县
540226,昂仁县,348,日喀则市昂仁县
540227,谢通门县,348,日喀则市谢通门县
540228,白朗县,348,日喀则市白朗县
540229,仁布县,348,日喀则市仁布县
540230,康马县,348,日喀则市康马县
540231,定结县,348,日喀则市定结县
540232,仲巴县,348,日喀则市仲巴县
540233,亚东县,348,日喀则市亚东县
540234,吉隆县,348,日喀则市吉隆县
540235,聂拉木县,348,日喀则市聂拉木县
540236,萨嘎县,348,日喀则市萨嘎县
540237,岗巴县,348,日喀则市岗巴县
110118,密云区,1,北京市密云区
110119,延庆区,1,北京市延庆区
120117,宁河区,2,宁河区
120118,静海区,2,天津市静海区
130306,抚宁区,5,秦皇岛市抚宁区
130606,莲池区,8,保定市莲池区
130607,满城区,8,保定市满城区
130608,清苑区,8,保定市清苑区
130609,徐水区,8,保定市徐水区
130708,万全区,9,张家口市万全区
130709,崇礼区,9,张家口市崇礼区
131103,冀州区,13,冀州区
210115,辽中区,37,沈阳市辽中区
210214,普兰店区,38,大连市普兰店区
211104,大洼区,47,盘锦市大洼区
230113,双城区,60,哈尔滨市双城区
230883,抚远市,67,佳木斯市抚远市
231086,东宁市,69,牡丹江市东宁市
310151,崇明县,73,上海市崇明县
320213,梁溪区,75,无锡市梁溪区
320413,金坛区,77,常州市金坛区
320813,洪泽县,81,淮安市洪泽县
320904,大丰区,82,盐城市大丰区
330111,富阳区,87,杭州市富阳区
330305,洞头区,89,温州市洞头区
340422,寿县,101,淮南市寿县
340705,铜官区,104,铜陵市铜官区
340706,义安区,104,铜陵市义安区
340722,枞阳县,104,铜陵市枞阳县
350703,建阳区,121,南平市建阳区
350803,永定区,122,龙岩市永定区
360112,新建区,124,南昌市新建区
360483,庐山市,127,九江市庐山市
361103,广丰区,134,上饶市广丰区
370505,垦利县,139,东营市垦利县
371703,定陶区,151,菏泽市定陶区
410212,祥符区,153,开封市祥符区
411203,陕州区,163,三门峡市陕州区
441204,高要区,206,肇庆市高要区
441704,阳东区,211,阳江市阳东区
450110,武鸣区,218,南宁市武鸣区
450206,柳江区,219,柳州市柳江区
451081,靖西市,227,百色市靖西市
500152,潼南区,235,重庆市潼南区
500153,荣昌区,235,荣昌区
500154,开县,235,重庆市开县
510116,双流区,236,成都市双流区
510180,简阳市,236,资阳市简阳市
510705,安州区,241,绵阳市安州区
511403,彭山区,247,眉山市彭山区
513201,马尔康市,254,阿坝藏族羌族自治州马尔康市
513301,康定市,255,甘孜藏族自治州康定市
520403,平坝区,260,安顺市平坝区
530303,沾益区,267,曲靖市沾益区
530403,江川区,268,玉溪市江川区
530581,腾冲市,269,保山市腾冲市
533401,香格里拉市,281,迪庆藏族自治州香格里拉市
540103,堆龙德庆区,282,拉萨市堆龙德庆区
540302,卡若区,349,昌都市卡若区
540321,江达县,349,昌都市江达县
540322,贡觉县,349,昌都市贡觉县
540323,类乌齐县,349,昌都市类乌齐县
540324,丁青县,349,昌都市丁青县
540325,察雅县,349,昌都市察雅县
540326,八宿县,349,昌都市八宿县
540327,左贡县,349,昌都市左贡县
540328, 芒康县,349,昌都市 芒康县
540329,洛隆县,349,昌都市洛隆县
540330,边坝县,349,昌都市边坝县
540402,巴宜区,350,林芝市巴宜区
540421,工布江达县,350,林芝市工布江达县
540422,米林县,350,林芝市米林县
540423,墨脱县,350,林芝市墨脱县
540424,波密县,350,林芝市波密县
540425,察隅县,350,林芝市察隅县
540426,朗县,350,林芝市朗县
540502,乃东区,351,山南市乃东区
540521,扎囊县,351,山南市扎囊县
540522,贡嘎县,351,山南市贡嘎县
540523,桑日县,351,山南市桑日县
540524,琼结县,351,山南市琼结县
540525,曲松县,351,山南市曲松县
540526,措美县,351,山南市措美县
540527,洛扎县,351,山南市洛扎县
540528,加查县,351,山南市加查县
540529,隆子县,351,山南市隆子县
540530,错那县,351,山南市错那县
540531,浪卡子县,351,山南市浪卡子县
610117,高陵区,289,西安市高陵区
610503,华州区,293,渭南市华州区
610803,横山区,296,榆林市横山区
630202,乐都区,352,海东市乐都区
630203,平安区,352,海东市平安区
630222,民和回族土族自治县,352,海东市民和回族土族自治县
630223,互助土族自治县,352,海东市互助土族自治县
630224,化隆回族自治县,352,海东市化隆回族自治县
630225,循化撒拉族自治县,352,海东市循化撒拉族自治县
650402,高昌区,354,吐鲁番市高昌区
650421,鄯善县,354,吐鲁番市鄯善县
650422,托克逊县,354,吐鲁番市托克逊县
650502,伊州区,353,哈密市伊州区
650521,巴里坤哈萨克自治县,353,哈密市巴里坤哈萨克自治县
650522,伊吾县,353,哈密市伊吾县
460400,儋州市,356,儋州市
533301,泸水县,280,泸水县
232701,加格达奇区,72,大兴安岭地区加格达奇区
232702,松岭区,72,大兴安岭地区松岭区
232703,新林区,72,大兴安岭地区新林区
232704,呼中区,72,大兴安岭地区呼中区
654004,霍尔果斯市,337,伊犁哈萨克自治州霍尔果斯市
659005,北屯市,340,北屯市
659006,铁门关市,340,铁门关市
659007,双河市,340,双河市
659008,可克达拉市,340,可克达拉市
320214,新吴区,75,无锡市新吴区
341504,叶集区,111,六安市叶集区
460321,西沙群岛,355,三沙市西沙群岛
460322,南沙群岛,355,三沙市南沙群岛
460323,中沙群岛的岛礁及其海域,355,三沙市中沙群岛的岛礁及其海域
451103,平桂区,228,贺州市平桂区
360118,红谷滩新区,124,南昌市红谷滩新区
